2025-09-12 22:56:59,880 - domination.uteis - ERROR - log_error:57 - Erro ao verificar admin no grupo -1001659176163 8321463331: Telegram says: [400 USER_NOT_PARTICIPANT] - The user is not a member of this chat (caused by "channels.GetParticipant")
Traceback (most recent call last):
  File "c:\Users\ryo\Documents\Domination BOT\uteis.py", line 304, in check_admin_group
    chat_member = await client.get_chat_member(chat_id=chat_id, user_id=user_id)
                  ^^^^^^^^^^^^^^^^^^^^^^^^^^^^^^^^^^^^^^^^^^^^^^^^^^^^^^^^^^^^^^
  File "C:\Users\ryo\Documents\Domination BOT\.venv\Lib\site-packages\pyrogram\methods\chats\get_chat_member.py", line 80, in get_chat_member
    r = await self.invoke(
        ^^^^^^^^^^^^^^^^^^
    ...<4 lines>...
    )
    ^
  File "C:\Users\ryo\Documents\Domination BOT\.venv\Lib\site-packages\pyrogram\methods\advanced\invoke.py", line 79, in invoke
    r = await self.session.invoke(
        ^^^^^^^^^^^^^^^^^^^^^^^^^^
    ...<4 lines>...
    )
    ^
  File "C:\Users\ryo\Documents\Domination BOT\.venv\Lib\site-packages\pyrogram\session\session.py", line 389, in invoke
    return await self.send(query, timeout=timeout)
           ^^^^^^^^^^^^^^^^^^^^^^^^^^^^^^^^^^^^^^^
  File "C:\Users\ryo\Documents\Domination BOT\.venv\Lib\site-packages\pyrogram\session\session.py", line 357, in send
    RPCError.raise_it(result, type(data))
    ~~~~~~~~~~~~~~~~~^^^^^^^^^^^^^^^^^^^^
  File "C:\Users\ryo\Documents\Domination BOT\.venv\Lib\site-packages\pyrogram\errors\rpc_error.py", line 91, in raise_it
    raise getattr(
    ...<5 lines>...
      is_signed=is_signed)
pyrogram.errors.exceptions.bad_request_400.UserNotParticipant: Telegram says: [400 USER_NOT_PARTICIPANT] - The user is not a member of this chat (caused by "channels.GetParticipant")
2025-09-12 22:56:59,934 - domination.uteis - ERROR - log_error:57 - Erro ao verificar admin no grupo -1001659176163 8321463331: Telegram says: [400 USER_NOT_PARTICIPANT] - The user is not a member of this chat (caused by "channels.GetParticipant")
Traceback (most recent call last):
  File "c:\Users\ryo\Documents\Domination BOT\uteis.py", line 304, in check_admin_group
    chat_member = await client.get_chat_member(chat_id=chat_id, user_id=user_id)
                  ^^^^^^^^^^^^^^^^^^^^^^^^^^^^^^^^^^^^^^^^^^^^^^^^^^^^^^^^^^^^^^
  File "C:\Users\ryo\Documents\Domination BOT\.venv\Lib\site-packages\pyrogram\methods\chats\get_chat_member.py", line 80, in get_chat_member
    r = await self.invoke(
        ^^^^^^^^^^^^^^^^^^
    ...<4 lines>...
    )
    ^
  File "C:\Users\ryo\Documents\Domination BOT\.venv\Lib\site-packages\pyrogram\methods\advanced\invoke.py", line 79, in invoke
    r = await self.session.invoke(
        ^^^^^^^^^^^^^^^^^^^^^^^^^^
    ...<4 lines>...
    )
    ^
  File "C:\Users\ryo\Documents\Domination BOT\.venv\Lib\site-packages\pyrogram\session\session.py", line 389, in invoke
    return await self.send(query, timeout=timeout)
           ^^^^^^^^^^^^^^^^^^^^^^^^^^^^^^^^^^^^^^^
  File "C:\Users\ryo\Documents\Domination BOT\.venv\Lib\site-packages\pyrogram\session\session.py", line 357, in send
    RPCError.raise_it(result, type(data))
    ~~~~~~~~~~~~~~~~~^^^^^^^^^^^^^^^^^^^^
  File "C:\Users\ryo\Documents\Domination BOT\.venv\Lib\site-packages\pyrogram\errors\rpc_error.py", line 91, in raise_it
    raise getattr(
    ...<5 lines>...
      is_signed=is_signed)
pyrogram.errors.exceptions.bad_request_400.UserNotParticipant: Telegram says: [400 USER_NOT_PARTICIPANT] - The user is not a member of this chat (caused by "channels.GetParticipant")
2025-09-12 22:57:42,613 - domination.uteis - ERROR - log_error:57 - Erro ao verificar admin no grupo -1001659176163 7490545220: Telegram says: [400 USER_NOT_PARTICIPANT] - The user is not a member of this chat (caused by "channels.GetParticipant")
Traceback (most recent call last):
  File "c:\Users\ryo\Documents\Domination BOT\uteis.py", line 304, in check_admin_group
    chat_member = await client.get_chat_member(chat_id=chat_id, user_id=user_id)
                  ^^^^^^^^^^^^^^^^^^^^^^^^^^^^^^^^^^^^^^^^^^^^^^^^^^^^^^^^^^^^^^
  File "C:\Users\ryo\Documents\Domination BOT\.venv\Lib\site-packages\pyrogram\methods\chats\get_chat_member.py", line 80, in get_chat_member
    r = await self.invoke(
        ^^^^^^^^^^^^^^^^^^
    ...<4 lines>...
    )
    ^
  File "C:\Users\ryo\Documents\Domination BOT\.venv\Lib\site-packages\pyrogram\methods\advanced\invoke.py", line 79, in invoke
    r = await self.session.invoke(
        ^^^^^^^^^^^^^^^^^^^^^^^^^^
    ...<4 lines>...
    )
    ^
  File "C:\Users\ryo\Documents\Domination BOT\.venv\Lib\site-packages\pyrogram\session\session.py", line 389, in invoke
    return await self.send(query, timeout=timeout)
           ^^^^^^^^^^^^^^^^^^^^^^^^^^^^^^^^^^^^^^^
  File "C:\Users\ryo\Documents\Domination BOT\.venv\Lib\site-packages\pyrogram\session\session.py", line 357, in send
    RPCError.raise_it(result, type(data))
    ~~~~~~~~~~~~~~~~~^^^^^^^^^^^^^^^^^^^^
  File "C:\Users\ryo\Documents\Domination BOT\.venv\Lib\site-packages\pyrogram\errors\rpc_error.py", line 91, in raise_it
    raise getattr(
    ...<5 lines>...
      is_signed=is_signed)
pyrogram.errors.exceptions.bad_request_400.UserNotParticipant: Telegram says: [400 USER_NOT_PARTICIPANT] - The user is not a member of this chat (caused by "channels.GetParticipant")
2025-09-12 22:57:42,694 - domination.uteis - ERROR - log_error:57 - Erro ao verificar admin no grupo -1001659176163 7490545220: Telegram says: [400 USER_NOT_PARTICIPANT] - The user is not a member of this chat (caused by "channels.GetParticipant")
Traceback (most recent call last):
  File "c:\Users\ryo\Documents\Domination BOT\uteis.py", line 304, in check_admin_group
    chat_member = await client.get_chat_member(chat_id=chat_id, user_id=user_id)
                  ^^^^^^^^^^^^^^^^^^^^^^^^^^^^^^^^^^^^^^^^^^^^^^^^^^^^^^^^^^^^^^
  File "C:\Users\ryo\Documents\Domination BOT\.venv\Lib\site-packages\pyrogram\methods\chats\get_chat_member.py", line 80, in get_chat_member
    r = await self.invoke(
        ^^^^^^^^^^^^^^^^^^
    ...<4 lines>...
    )
    ^
  File "C:\Users\ryo\Documents\Domination BOT\.venv\Lib\site-packages\pyrogram\methods\advanced\invoke.py", line 79, in invoke
    r = await self.session.invoke(
        ^^^^^^^^^^^^^^^^^^^^^^^^^^
    ...<4 lines>...
    )
    ^
  File "C:\Users\ryo\Documents\Domination BOT\.venv\Lib\site-packages\pyrogram\session\session.py", line 389, in invoke
    return await self.send(query, timeout=timeout)
           ^^^^^^^^^^^^^^^^^^^^^^^^^^^^^^^^^^^^^^^
  File "C:\Users\ryo\Documents\Domination BOT\.venv\Lib\site-packages\pyrogram\session\session.py", line 357, in send
    RPCError.raise_it(result, type(data))
    ~~~~~~~~~~~~~~~~~^^^^^^^^^^^^^^^^^^^^
  File "C:\Users\ryo\Documents\Domination BOT\.venv\Lib\site-packages\pyrogram\errors\rpc_error.py", line 91, in raise_it
    raise getattr(
    ...<5 lines>...
      is_signed=is_signed)
pyrogram.errors.exceptions.bad_request_400.UserNotParticipant: Telegram says: [400 USER_NOT_PARTICIPANT] - The user is not a member of this chat (caused by "channels.GetParticipant")
2025-09-13 12:48:42,188 - domination.uteis - ERROR - log_error:57 - Erro ao verificar admin no grupo 6874062454 -1001659176163: The chat_id "6874062454" belongs to a user
Traceback (most recent call last):
  File "C:\Users\ryo\Documents\Domination BOT\uteis.py", line 315, in check_admin_group
    chat_member = await client.get_chat_member(chat_id=chat_id, user_id=user_id)
                  ^^^^^^^^^^^^^^^^^^^^^^^^^^^^^^^^^^^^^^^^^^^^^^^^^^^^^^^^^^^^^^
  File "c:\Users\ryo\Documents\Domination BOT\.venv\Lib\site-packages\pyrogram\methods\chats\get_chat_member.py", line 92, in get_chat_member
    raise ValueError(f'The chat_id "{chat_id}" belongs to a user')
ValueError: The chat_id "6874062454" belongs to a user
2025-09-13 13:23:15,037 - domination.uteis - ERROR - log_error:57 - Erro ao verificar admin no grupo -1001659176163 12345: Telegram says: [400 PEER_ID_INVALID] - The peer id being used is invalid or not known yet. Make sure you meet the peer before interacting with it 
Traceback (most recent call last):
  File "C:\Users\ryo\Documents\Domination BOT\.venv\Lib\site-packages\pyrogram\methods\advanced\resolve_peer.py", line 62, in resolve_peer
    return await self.storage.get_peer_by_id(peer_id)
           ^^^^^^^^^^^^^^^^^^^^^^^^^^^^^^^^^^^^^^^^^^
  File "C:\Users\ryo\Documents\Domination BOT\.venv\Lib\site-packages\pyrogram\storage\sqlite_storage.py", line 142, in get_peer_by_id
    raise KeyError(f"ID not found: {peer_id}")
KeyError: 'ID not found: 12345'

During handling of the above exception, another exception occurred:

Traceback (most recent call last):
  File "C:\Users\ryo\Documents\Domination BOT\.venv\Lib\site-packages\pyrogram\methods\advanced\resolve_peer.py", line 123, in resolve_peer
    return await self.storage.get_peer_by_id(peer_id)
           ^^^^^^^^^^^^^^^^^^^^^^^^^^^^^^^^^^^^^^^^^^
  File "C:\Users\ryo\Documents\Domination BOT\.venv\Lib\site-packages\pyrogram\storage\sqlite_storage.py", line 142, in get_peer_by_id
    raise KeyError(f"ID not found: {peer_id}")
KeyError: 'ID not found: 12345'

During handling of the above exception, another exception occurred:

Traceback (most recent call last):
  File "C:\Users\ryo\Documents\Domination BOT\uteis.py", line 315, in check_admin_group
    chat_member = await client.get_chat_member(chat_id=chat_id, user_id=user_id)
                  ^^^^^^^^^^^^^^^^^^^^^^^^^^^^^^^^^^^^^^^^^^^^^^^^^^^^^^^^^^^^^^
  File "C:\Users\ryo\Documents\Domination BOT\.venv\Lib\site-packages\pyrogram\methods\chats\get_chat_member.py", line 56, in get_chat_member
    user = await self.resolve_peer(user_id)
           ^^^^^^^^^^^^^^^^^^^^^^^^^^^^^^^^
  File "C:\Users\ryo\Documents\Domination BOT\.venv\Lib\site-packages\pyrogram\methods\advanced\resolve_peer.py", line 125, in resolve_peer
    raise PeerIdInvalid
pyrogram.errors.exceptions.bad_request_400.PeerIdInvalid: Telegram says: [400 PEER_ID_INVALID] - The peer id being used is invalid or not known yet. Make sure you meet the peer before interacting with it 
2025-09-13 13:24:06,956 - domination.uteis - ERROR - log_error:57 - Erro ao verificar admin no grupo -1001659176163 12345: Telegram says: [400 PEER_ID_INVALID] - The peer id being used is invalid or not known yet. Make sure you meet the peer before interacting with it 
Traceback (most recent call last):
  File "C:\Users\ryo\Documents\Domination BOT\.venv\Lib\site-packages\pyrogram\methods\advanced\resolve_peer.py", line 62, in resolve_peer
    return await self.storage.get_peer_by_id(peer_id)
           ^^^^^^^^^^^^^^^^^^^^^^^^^^^^^^^^^^^^^^^^^^
  File "C:\Users\ryo\Documents\Domination BOT\.venv\Lib\site-packages\pyrogram\storage\sqlite_storage.py", line 142, in get_peer_by_id
    raise KeyError(f"ID not found: {peer_id}")
KeyError: 'ID not found: 12345'

During handling of the above exception, another exception occurred:

Traceback (most recent call last):
  File "C:\Users\ryo\Documents\Domination BOT\.venv\Lib\site-packages\pyrogram\methods\advanced\resolve_peer.py", line 123, in resolve_peer
    return await self.storage.get_peer_by_id(peer_id)
           ^^^^^^^^^^^^^^^^^^^^^^^^^^^^^^^^^^^^^^^^^^
  File "C:\Users\ryo\Documents\Domination BOT\.venv\Lib\site-packages\pyrogram\storage\sqlite_storage.py", line 142, in get_peer_by_id
    raise KeyError(f"ID not found: {peer_id}")
KeyError: 'ID not found: 12345'

During handling of the above exception, another exception occurred:

Traceback (most recent call last):
  File "C:\Users\ryo\Documents\Domination BOT\uteis.py", line 315, in check_admin_group
    chat_member = await client.get_chat_member(chat_id=chat_id, user_id=user_id)
                  ^^^^^^^^^^^^^^^^^^^^^^^^^^^^^^^^^^^^^^^^^^^^^^^^^^^^^^^^^^^^^^
  File "C:\Users\ryo\Documents\Domination BOT\.venv\Lib\site-packages\pyrogram\methods\chats\get_chat_member.py", line 56, in get_chat_member
    user = await self.resolve_peer(user_id)
           ^^^^^^^^^^^^^^^^^^^^^^^^^^^^^^^^
  File "C:\Users\ryo\Documents\Domination BOT\.venv\Lib\site-packages\pyrogram\methods\advanced\resolve_peer.py", line 125, in resolve_peer
    raise PeerIdInvalid
pyrogram.errors.exceptions.bad_request_400.PeerIdInvalid: Telegram says: [400 PEER_ID_INVALID] - The peer id being used is invalid or not known yet. Make sure you meet the peer before interacting with it 
2025-09-13 13:31:45,960 - domination.uteis - ERROR - log_error:57 - Erro ao verificar admin no grupo -1001659176163 12345: Telegram says: [400 PEER_ID_INVALID] - The peer id being used is invalid or not known yet. Make sure you meet the peer before interacting with it 
Traceback (most recent call last):
  File "C:\Users\ryo\Documents\Domination BOT\.venv\Lib\site-packages\pyrogram\methods\advanced\resolve_peer.py", line 62, in resolve_peer
    return await self.storage.get_peer_by_id(peer_id)
           ^^^^^^^^^^^^^^^^^^^^^^^^^^^^^^^^^^^^^^^^^^
  File "C:\Users\ryo\Documents\Domination BOT\.venv\Lib\site-packages\pyrogram\storage\sqlite_storage.py", line 142, in get_peer_by_id
    raise KeyError(f"ID not found: {peer_id}")
KeyError: 'ID not found: 12345'

During handling of the above exception, another exception occurred:

Traceback (most recent call last):
  File "C:\Users\ryo\Documents\Domination BOT\.venv\Lib\site-packages\pyrogram\methods\advanced\resolve_peer.py", line 123, in resolve_peer
    return await self.storage.get_peer_by_id(peer_id)
           ^^^^^^^^^^^^^^^^^^^^^^^^^^^^^^^^^^^^^^^^^^
  File "C:\Users\ryo\Documents\Domination BOT\.venv\Lib\site-packages\pyrogram\storage\sqlite_storage.py", line 142, in get_peer_by_id
    raise KeyError(f"ID not found: {peer_id}")
KeyError: 'ID not found: 12345'

During handling of the above exception, another exception occurred:

Traceback (most recent call last):
  File "C:\Users\ryo\Documents\Domination BOT\uteis.py", line 315, in check_admin_group
    chat_member = await client.get_chat_member(chat_id=chat_id, user_id=user_id)
                  ^^^^^^^^^^^^^^^^^^^^^^^^^^^^^^^^^^^^^^^^^^^^^^^^^^^^^^^^^^^^^^
  File "C:\Users\ryo\Documents\Domination BOT\.venv\Lib\site-packages\pyrogram\methods\chats\get_chat_member.py", line 56, in get_chat_member
    user = await self.resolve_peer(user_id)
           ^^^^^^^^^^^^^^^^^^^^^^^^^^^^^^^^
  File "C:\Users\ryo\Documents\Domination BOT\.venv\Lib\site-packages\pyrogram\methods\advanced\resolve_peer.py", line 125, in resolve_peer
    raise PeerIdInvalid
pyrogram.errors.exceptions.bad_request_400.PeerIdInvalid: Telegram says: [400 PEER_ID_INVALID] - The peer id being used is invalid or not known yet. Make sure you meet the peer before interacting with it 
2025-09-13 13:32:31,861 - domination.uteis - ERROR - log_error:57 - Erro ao verificar admin no grupo -1001659176163 12345: Telegram says: [400 PEER_ID_INVALID] - The peer id being used is invalid or not known yet. Make sure you meet the peer before interacting with it 
Traceback (most recent call last):
  File "C:\Users\ryo\Documents\Domination BOT\.venv\Lib\site-packages\pyrogram\methods\advanced\resolve_peer.py", line 62, in resolve_peer
    return await self.storage.get_peer_by_id(peer_id)
           ^^^^^^^^^^^^^^^^^^^^^^^^^^^^^^^^^^^^^^^^^^
  File "C:\Users\ryo\Documents\Domination BOT\.venv\Lib\site-packages\pyrogram\storage\sqlite_storage.py", line 142, in get_peer_by_id
    raise KeyError(f"ID not found: {peer_id}")
KeyError: 'ID not found: 12345'

During handling of the above exception, another exception occurred:

Traceback (most recent call last):
  File "C:\Users\ryo\Documents\Domination BOT\.venv\Lib\site-packages\pyrogram\methods\advanced\resolve_peer.py", line 123, in resolve_peer
    return await self.storage.get_peer_by_id(peer_id)
           ^^^^^^^^^^^^^^^^^^^^^^^^^^^^^^^^^^^^^^^^^^
  File "C:\Users\ryo\Documents\Domination BOT\.venv\Lib\site-packages\pyrogram\storage\sqlite_storage.py", line 142, in get_peer_by_id
    raise KeyError(f"ID not found: {peer_id}")
KeyError: 'ID not found: 12345'

During handling of the above exception, another exception occurred:

Traceback (most recent call last):
  File "C:\Users\ryo\Documents\Domination BOT\uteis.py", line 315, in check_admin_group
    chat_member = await client.get_chat_member(chat_id=chat_id, user_id=user_id)
                  ^^^^^^^^^^^^^^^^^^^^^^^^^^^^^^^^^^^^^^^^^^^^^^^^^^^^^^^^^^^^^^
  File "C:\Users\ryo\Documents\Domination BOT\.venv\Lib\site-packages\pyrogram\methods\chats\get_chat_member.py", line 56, in get_chat_member
    user = await self.resolve_peer(user_id)
           ^^^^^^^^^^^^^^^^^^^^^^^^^^^^^^^^
  File "C:\Users\ryo\Documents\Domination BOT\.venv\Lib\site-packages\pyrogram\methods\advanced\resolve_peer.py", line 125, in resolve_peer
    raise PeerIdInvalid
pyrogram.errors.exceptions.bad_request_400.PeerIdInvalid: Telegram says: [400 PEER_ID_INVALID] - The peer id being used is invalid or not known yet. Make sure you meet the peer before interacting with it 
2025-09-13 17:58:40,876 - domination.contador - INFO - log_info:53 - Personagem saiu: megumi fushiguro
2025-09-13 17:59:01,463 - domination.contador - INFO - log_info:53 - Personagem saiu: hu tao and xianling
2025-09-13 18:07:35,252 - domination.commands - INFO - log_info:53 - Comandos definidos - Privados: True, Grupos: True, Admin: True
2025-09-13 18:07:36,893 - domination.commands - INFO - log_info:53 - Comandos definidos - Privados: True, Grupos: True, Admin: True
2025-09-13 18:54:09,766 - domination.commands - INFO - log_info:53 - Comandos definidos - Privados: True, Grupos: True, Admin: True
2025-09-13 18:57:02,830 - domination.commands - INFO - log_info:53 - Comandos definidos - Privados: True, Grupos: True, Admin: True
2025-09-13 18:59:02,778 - domination.commands - INFO - log_info:53 - Comandos definidos - Privados: True, Grupos: True, Admin: True
2025-09-13 19:00:18,575 - domination.commands - INFO - log_info:53 - Comandos definidos - Privados: True, Grupos: True, Admin: True
2025-09-13 19:02:27,421 - domination.contador - INFO - log_info:53 - Personagem saiu: kiana kaslana
2025-09-13 19:03:54,561 - domination.commands - INFO - log_info:53 - Comandos definidos - Privados: True, Grupos: True, Admin: True
2025-09-13 19:22:06,932 - domination.commands - INFO - log_info:53 - Comandos definidos - Privados: True, Grupos: True, Admin: True
2025-09-13 19:22:15,428 - domination.commands - INFO - log_info:53 - Comandos definidos - Privados: True, Grupos: True, Admin: True
2025-09-13 20:19:10,837 - domination.commands - INFO - log_info:53 - Comandos definidos - Privados: True, Grupos: True, Admin: True
2025-09-13 20:19:13,026 - domination.commands - INFO - log_info:53 - Comandos definidos - Privados: True, Grupos: True, Admin: True
2025-09-13 20:20:20,043 - domination.commands - INFO - log_info:53 - Comandos definidos - Privados: True, Grupos: True, Admin: True
2025-09-13 20:20:22,616 - domination.commands - INFO - log_info:53 - Comandos definidos - Privados: True, Grupos: True, Admin: True
2025-09-13 20:21:08,433 - domination.commands - INFO - log_info:53 - Comandos definidos - Privados: True, Grupos: True, Admin: True
2025-09-13 20:21:21,120 - domination.commands - INFO - log_info:53 - Comandos definidos - Privados: True, Grupos: True, Admin: True
2025-09-13 20:22:34,538 - domination.commands - INFO - log_info:53 - Comandos definidos - Privados: True, Grupos: True, Admin: True
2025-09-13 20:22:36,647 - domination.commands - INFO - log_info:53 - Comandos definidos - Privados: True, Grupos: True, Admin: True
2025-09-13 20:24:39,948 - domination.commands - INFO - log_info:53 - Comandos definidos - Privados: True, Grupos: True, Admin: True
2025-09-13 20:24:42,019 - domination.commands - INFO - log_info:53 - Comandos definidos - Privados: True, Grupos: True, Admin: True
2025-09-13 20:28:22,527 - domination.commands - INFO - log_info:53 - Comandos definidos - Privados: True, Grupos: True, Admin: True
2025-09-13 20:28:24,824 - domination.commands - INFO - log_info:53 - Comandos definidos - Privados: True, Grupos: True, Admin: True
2025-09-13 20:28:56,489 - domination.commands - INFO - log_info:53 - Comandos definidos - Privados: True, Grupos: True, Admin: True
2025-09-13 20:28:58,593 - domination.commands - INFO - log_info:53 - Comandos definidos - Privados: True, Grupos: True, Admin: True
2025-09-13 20:29:09,551 - domination.commands - INFO - log_info:53 - Comandos definidos - Privados: True, Grupos: True, Admin: True
2025-09-13 20:29:11,712 - domination.commands - INFO - log_info:53 - Comandos definidos - Privados: True, Grupos: True, Admin: True
2025-09-13 20:29:22,385 - domination.contador - INFO - log_info:53 - Personagem saiu: madara uchiha
2025-09-13 20:29:23,255 - domination.contador - INFO - log_info:53 - Personagem saiu: hitori gotou
2025-09-13 21:02:32,811 - domination.commands - INFO - log_info:53 - Comandos definidos - Privados: True, Grupos: True, Admin: True
2025-09-13 21:02:35,022 - domination.commands - INFO - log_info:53 - Comandos definidos - Privados: True, Grupos: True, Admin: True
2025-09-13 21:05:35,485 - domination.commands - INFO - log_info:53 - Comandos definidos - Privados: True, Grupos: True, Admin: True
2025-09-13 21:05:37,687 - domination.commands - INFO - log_info:53 - Comandos definidos - Privados: True, Grupos: True, Admin: True
2025-09-13 21:05:50,690 - domination.harem_mode - INFO - log_info:53 - Modo harém atualizado para: ANIME
2025-09-13 21:05:50,843 - domination.harem_mode - INFO - log_info:53 - Botões inline atualizados com sucesso
2025-09-13 21:06:08,437 - domination.harem_mode - INFO - log_info:53 - Modo harém atualizado para: RARIDADE_ESPECTRAL
2025-09-13 21:06:08,593 - domination.harem_mode - INFO - log_info:53 - Botões inline atualizados com sucesso
2025-09-13 21:10:58,724 - domination.commands - INFO - log_info:53 - Comandos definidos - Privados: True, Grupos: True, Admin: True
2025-09-13 21:11:00,737 - domination.commands - INFO - log_info:53 - Comandos definidos - Privados: True, Grupos: True, Admin: True
2025-09-13 21:12:46,786 - domination.commands - INFO - log_info:53 - Comandos definidos - Privados: True, Grupos: True, Admin: True
2025-09-13 21:12:48,947 - domination.commands - INFO - log_info:53 - Comandos definidos - Privados: True, Grupos: True, Admin: True
2025-09-14 19:02:42,763 - domination.commands - INFO - log_info:53 - Comandos definidos - Privados: True, Grupos: True, Admin: True
2025-09-14 19:02:47,474 - domination.commands - INFO - log_info:53 - Comandos definidos - Privados: True, Grupos: True, Admin: True
2025-09-14 19:08:19,258 - domination.commands - INFO - log_info:53 - Comandos definidos - Privados: True, Grupos: True, Admin: True
2025-09-14 19:09:06,306 - domination.commands - INFO - log_info:53 - Comandos definidos - Privados: True, Grupos: True, Admin: True
2025-09-14 19:11:17,812 - domination.commands - INFO - log_info:53 - Comandos definidos - Privados: True, Grupos: True, Admin: True
2025-09-14 19:13:32,533 - domination.commands - INFO - log_info:53 - Comandos definidos - Privados: True, Grupos: True, Admin: True
2025-09-14 19:14:25,057 - domination.commands - INFO - log_info:53 - Comandos definidos - Privados: True, Grupos: True, Admin: True
2025-09-14 19:14:41,442 - domination.commands - INFO - log_info:53 - Comandos definidos - Privados: True, Grupos: True, Admin: True
2025-09-14 19:15:46,875 - domination.commands - INFO - log_info:53 - Comandos definidos - Privados: True, Grupos: True, Admin: True
2025-09-14 19:15:55,235 - domination.commands - INFO - log_info:53 - Comandos definidos - Privados: True, Grupos: True, Admin: True
2025-09-14 19:17:34,090 - domination.commands - INFO - log_info:53 - Comandos definidos - Privados: True, Grupos: True, Admin: True
2025-09-14 19:17:35,859 - domination.commands - INFO - log_info:53 - Comandos definidos - Privados: True, Grupos: True, Admin: True
2025-09-14 19:18:41,490 - domination.commands - INFO - log_info:53 - Comandos definidos - Privados: True, Grupos: True, Admin: True
2025-09-14 19:18:44,010 - domination.commands - INFO - log_info:53 - Comandos definidos - Privados: True, Grupos: True, Admin: True
2025-09-14 19:21:02,485 - domination.commands - INFO - log_info:53 - Comandos definidos - Privados: True, Grupos: True, Admin: True
2025-09-14 19:21:04,479 - domination.commands - INFO - log_info:53 - Comandos definidos - Privados: True, Grupos: True, Admin: True
2025-09-14 19:21:51,959 - domination.commands - INFO - log_info:53 - Comandos definidos - Privados: True, Grupos: True, Admin: True
2025-09-14 19:24:38,267 - domination.commands - INFO - log_info:53 - Comandos definidos - Privados: True, Grupos: True, Admin: True
2025-09-14 19:25:03,569 - domination.commands - INFO - log_info:53 - Comandos definidos - Privados: True, Grupos: True, Admin: True
2025-09-14 19:26:01,148 - domination.contador - INFO - log_info:53 - Personagem saiu: violet evergarden
2025-09-14 19:26:23,550 - domination.contador - INFO - log_info:53 - Personagem saiu: hinata hyuga
2025-09-14 19:27:04,585 - domination.contador - INFO - log_info:53 - Personagem saiu: yukino yukinoshita
2025-09-14 19:28:01,668 - domination.contador - INFO - log_info:53 - Personagem saiu: hoshimachi suisei
2025-09-14 19:30:21,876 - domination.commands - INFO - log_info:53 - Comandos definidos - Privados: True, Grupos: True, Admin: True
2025-09-14 19:32:44,665 - domination.commands - INFO - log_info:53 - Comandos definidos - Privados: True, Grupos: True, Admin: True
2025-09-14 19:34:22,785 - domination.commands - INFO - log_info:53 - Comandos definidos - Privados: True, Grupos: True, Admin: True
