2025-09-07 21:51:59,711 - domination.lang_utils - ERROR - log_error:57 - Erro ao obter Idioma do chat 6034249744: (sqlalchemy.dialects.postgresql.asyncpg.InterfaceError) <class 'asyncpg.exceptions._base.InterfaceError'>: cannot perform operation: another operation is in progress
(Background on this error at: https://sqlalche.me/e/20/rvf5)
Traceback (most recent call last):
  File "C:\Users\ryo\Documents\Domination BOT\.venv\Lib\site-packages\sqlalchemy\dialects\postgresql\asyncpg.py", line 876, in rollback
    self.await_(self._rollback_and_discard())
    ~~~~~~~~~~~^^^^^^^^^^^^^^^^^^^^^^^^^^^^^^
  File "C:\Users\ryo\Documents\Domination BOT\.venv\Lib\site-packages\sqlalchemy\util\_concurrency_py3k.py", line 132, in await_only
    return current.parent.switch(awaitable)  # type: ignore[no-any-return,attr-defined] # noqa: E501
           ~~~~~~~~~~~~~~~~~~~~~^^^^^^^^^^^
  File "C:\Users\ryo\Documents\Domination BOT\.venv\Lib\site-packages\sqlalchemy\util\_concurrency_py3k.py", line 196, in greenlet_spawn
    value = await result
            ^^^^^^^^^^^^
  File "C:\Users\ryo\Documents\Domination BOT\.venv\Lib\site-packages\sqlalchemy\dialects\postgresql\asyncpg.py", line 857, in _rollback_and_discard
    await self._transaction.rollback()
  File "C:\Users\ryo\Documents\Domination BOT\.venv\Lib\site-packages\asyncpg\transaction.py", line 227, in rollback
    await self.__rollback()
  File "C:\Users\ryo\Documents\Domination BOT\.venv\Lib\site-packages\asyncpg\transaction.py", line 206, in __rollback
    await self._connection.execute(query)
  File "C:\Users\ryo\Documents\Domination BOT\.venv\Lib\site-packages\asyncpg\connection.py", line 349, in execute
    result = await self._protocol.query(query, timeout)
             ^^^^^^^^^^^^^^^^^^^^^^^^^^^^^^^^^^^^^^^^^^
  File "asyncpg\\protocol\\protocol.pyx", line 360, in query
  File "asyncpg\\protocol\\protocol.pyx", line 745, in asyncpg.protocol.protocol.BaseProtocol._check_state
asyncpg.exceptions._base.InterfaceError: cannot perform operation: another operation is in progress

The above exception was the direct cause of the following exception:

Traceback (most recent call last):
  File "C:\Users\ryo\Documents\Domination BOT\.venv\Lib\site-packages\sqlalchemy\engine\base.py", line 1128, in _rollback_impl
    self.engine.dialect.do_rollback(self.connection)
    ~~~~~~~~~~~~~~~~~~~~~~~~~~~~~~~^^^^^^^^^^^^^^^^^
  File "C:\Users\ryo\Documents\Domination BOT\.venv\Lib\site-packages\sqlalchemy\engine\default.py", line 711, in do_rollback
    dbapi_connection.rollback()
    ~~~~~~~~~~~~~~~~~~~~~~~~~^^
  File "C:\Users\ryo\Documents\Domination BOT\.venv\Lib\site-packages\sqlalchemy\dialects\postgresql\asyncpg.py", line 882, in rollback
    self._handle_exception(error)
    ~~~~~~~~~~~~~~~~~~~~~~^^^^^^^
  File "C:\Users\ryo\Documents\Domination BOT\.venv\Lib\site-packages\sqlalchemy\dialects\postgresql\asyncpg.py", line 792, in _handle_exception
    raise translated_error from error
sqlalchemy.dialects.postgresql.asyncpg.AsyncAdapt_asyncpg_dbapi.InterfaceError: <class 'asyncpg.exceptions._base.InterfaceError'>: cannot perform operation: another operation is in progress

The above exception was the direct cause of the following exception:

Traceback (most recent call last):
  File "c:\Users\ryo\Documents\Domination BOT\domination\plugins\lang_utils.py", line 18, in obter_Idioma_chat
    async with await client.get_reusable_session() as session:
               ^^^^^^^^^^^^^^^^^^^^^^^^^^^^^^^^^^^
  File "C:\Users\ryo\Documents\Domination BOT\.venv\Lib\site-packages\sqlalchemy\ext\asyncio\session.py", line 1085, in __aexit__
    await asyncio.shield(task)
  File "C:\Users\ryo\Documents\Domination BOT\.venv\Lib\site-packages\sqlalchemy\ext\asyncio\session.py", line 1030, in close
    await greenlet_spawn(self.sync_session.close)
  File "C:\Users\ryo\Documents\Domination BOT\.venv\Lib\site-packages\sqlalchemy\util\_concurrency_py3k.py", line 201, in greenlet_spawn
    result = context.throw(*sys.exc_info())
  File "C:\Users\ryo\Documents\Domination BOT\.venv\Lib\site-packages\sqlalchemy\orm\session.py", line 2521, in close
    self._close_impl(invalidate=False)
    ~~~~~~~~~~~~~~~~^^^^^^^^^^^^^^^^^^
  File "C:\Users\ryo\Documents\Domination BOT\.venv\Lib\site-packages\sqlalchemy\orm\session.py", line 2590, in _close_impl
    transaction.close(invalidate)
    ~~~~~~~~~~~~~~~~~^^^^^^^^^^^^
  File "<string>", line 2, in close
  File "C:\Users\ryo\Documents\Domination BOT\.venv\Lib\site-packages\sqlalchemy\orm\state_changes.py", line 137, in _go
    ret_value = fn(self, *arg, **kw)
  File "C:\Users\ryo\Documents\Domination BOT\.venv\Lib\site-packages\sqlalchemy\orm\session.py", line 1419, in close
    transaction.close()
    ~~~~~~~~~~~~~~~~~^^
  File "C:\Users\ryo\Documents\Domination BOT\.venv\Lib\site-packages\sqlalchemy\engine\base.py", line 2589, in close
    self._do_close()
    ~~~~~~~~~~~~~~^^
  File "C:\Users\ryo\Documents\Domination BOT\.venv\Lib\site-packages\sqlalchemy\engine\base.py", line 2727, in _do_close
    self._close_impl()
    ~~~~~~~~~~~~~~~~^^
  File "C:\Users\ryo\Documents\Domination BOT\.venv\Lib\site-packages\sqlalchemy\engine\base.py", line 2713, in _close_impl
    self._connection_rollback_impl()
    ~~~~~~~~~~~~~~~~~~~~~~~~~~~~~~^^
  File "C:\Users\ryo\Documents\Domination BOT\.venv\Lib\site-packages\sqlalchemy\engine\base.py", line 2705, in _connection_rollback_impl
    self.connection._rollback_impl()
    ~~~~~~~~~~~~~~~~~~~~~~~~~~~~~~^^
  File "C:\Users\ryo\Documents\Domination BOT\.venv\Lib\site-packages\sqlalchemy\engine\base.py", line 1130, in _rollback_impl
    self._handle_dbapi_exception(e, None, None, None, None)
    ~~~~~~~~~~~~~~~~~~~~~~~~~~~~^^^^^^^^^^^^^^^^^^^^^^^^^^^
  File "C:\Users\ryo\Documents\Domination BOT\.venv\Lib\site-packages\sqlalchemy\engine\base.py", line 2355, in _handle_dbapi_exception
    raise sqlalchemy_exception.with_traceback(exc_info[2]) from e
  File "C:\Users\ryo\Documents\Domination BOT\.venv\Lib\site-packages\sqlalchemy\engine\base.py", line 1128, in _rollback_impl
    self.engine.dialect.do_rollback(self.connection)
    ~~~~~~~~~~~~~~~~~~~~~~~~~~~~~~~^^^^^^^^^^^^^^^^^
  File "C:\Users\ryo\Documents\Domination BOT\.venv\Lib\site-packages\sqlalchemy\engine\default.py", line 711, in do_rollback
    dbapi_connection.rollback()
    ~~~~~~~~~~~~~~~~~~~~~~~~~^^
  File "C:\Users\ryo\Documents\Domination BOT\.venv\Lib\site-packages\sqlalchemy\dialects\postgresql\asyncpg.py", line 882, in rollback
    self._handle_exception(error)
    ~~~~~~~~~~~~~~~~~~~~~~^^^^^^^
  File "C:\Users\ryo\Documents\Domination BOT\.venv\Lib\site-packages\sqlalchemy\dialects\postgresql\asyncpg.py", line 792, in _handle_exception
    raise translated_error from error
sqlalchemy.exc.InterfaceError: (sqlalchemy.dialects.postgresql.asyncpg.InterfaceError) <class 'asyncpg.exceptions._base.InterfaceError'>: cannot perform operation: another operation is in progress
(Background on this error at: https://sqlalche.me/e/20/rvf5)
2025-09-07 21:53:10,651 - domination.lang_utils - ERROR - log_error:57 - Erro ao obter Idioma do chat -1001795599457: Method 'close()' can't be called here; method '_connection_for_bind()' is already in progress and this would cause an unexpected state change to <SessionTransactionState.CLOSED: 5> (Background on this error at: https://sqlalche.me/e/20/isce)
Traceback (most recent call last):
  File "C:\Users\ryo\Documents\Domination BOT\domination\plugins\lang_utils.py", line 20, in obter_Idioma_chat
    result = await session.execute(stmt)
             ^^^^^^^^^^^^^^^^^^^^^^^^^^^
  File "c:\Users\ryo\Documents\Domination BOT\.venv\Lib\site-packages\sqlalchemy\ext\asyncio\session.py", line 463, in execute
    result = await greenlet_spawn(
             ^^^^^^^^^^^^^^^^^^^^^
    ...<6 lines>...
    )
    ^
  File "c:\Users\ryo\Documents\Domination BOT\.venv\Lib\site-packages\sqlalchemy\util\_concurrency_py3k.py", line 190, in greenlet_spawn
    result = context.switch(*args, **kwargs)
  File "c:\Users\ryo\Documents\Domination BOT\.venv\Lib\site-packages\sqlalchemy\orm\session.py", line 2365, in execute
    return self._execute_internal(
           ~~~~~~~~~~~~~~~~~~~~~~^
        statement,
        ^^^^^^^^^^
    ...<4 lines>...
        _add_event=_add_event,
        ^^^^^^^^^^^^^^^^^^^^^^
    )
    ^
  File "c:\Users\ryo\Documents\Domination BOT\.venv\Lib\site-packages\sqlalchemy\orm\session.py", line 2241, in _execute_internal
    conn = self._connection_for_bind(bind)
  File "c:\Users\ryo\Documents\Domination BOT\.venv\Lib\site-packages\sqlalchemy\orm\session.py", line 2110, in _connection_for_bind
    return trans._connection_for_bind(engine, execution_options)
           ~~~~~~~~~~~~~~~~~~~~~~~~~~^^^^^^^^^^^^^^^^^^^^^^^^^^^
  File "<string>", line 2, in _connection_for_bind
  File "c:\Users\ryo\Documents\Domination BOT\.venv\Lib\site-packages\sqlalchemy\orm\state_changes.py", line 101, in _go
    self._raise_for_prerequisite_state(fn.__name__, current_state)
    ~~~~~~~~~~~~~~~~~~~~~~~~~~~~~~~~~~^^^^^^^^^^^^^^^^^^^^^^^^^^^^
  File "c:\Users\ryo\Documents\Domination BOT\.venv\Lib\site-packages\sqlalchemy\orm\session.py", line 990, in _raise_for_prerequisite_state
    raise sa_exc.InvalidRequestError(
    ...<3 lines>...
    )
sqlalchemy.exc.InvalidRequestError: This session is provisioning a new connection; concurrent operations are not permitted (Background on this error at: https://sqlalche.me/e/20/isce)

During handling of the above exception, another exception occurred:

Traceback (most recent call last):
  File "C:\Users\ryo\Documents\Domination BOT\domination\plugins\lang_utils.py", line 18, in obter_Idioma_chat
    async with await client.get_reusable_session() as session:
               ^^^^^^^^^^^^^^^^^^^^^^^^^^^^^^^^^^^
  File "c:\Users\ryo\Documents\Domination BOT\.venv\Lib\site-packages\sqlalchemy\ext\asyncio\session.py", line 1085, in __aexit__
    await asyncio.shield(task)
  File "c:\Users\ryo\Documents\Domination BOT\.venv\Lib\site-packages\sqlalchemy\ext\asyncio\session.py", line 1030, in close
    await greenlet_spawn(self.sync_session.close)
  File "c:\Users\ryo\Documents\Domination BOT\.venv\Lib\site-packages\sqlalchemy\util\_concurrency_py3k.py", line 190, in greenlet_spawn
    result = context.switch(*args, **kwargs)
  File "c:\Users\ryo\Documents\Domination BOT\.venv\Lib\site-packages\sqlalchemy\orm\session.py", line 2521, in close
    self._close_impl(invalidate=False)
    ~~~~~~~~~~~~~~~~^^^^^^^^^^^^^^^^^^
  File "c:\Users\ryo\Documents\Domination BOT\.venv\Lib\site-packages\sqlalchemy\orm\session.py", line 2590, in _close_impl
    transaction.close(invalidate)
    ~~~~~~~~~~~~~~~~~^^^^^^^^^^^^
  File "<string>", line 2, in close
  File "c:\Users\ryo\Documents\Domination BOT\.venv\Lib\site-packages\sqlalchemy\orm\state_changes.py", line 119, in _go
    raise sa_exc.IllegalStateChangeError(
    ...<5 lines>...
    )
sqlalchemy.exc.IllegalStateChangeError: Method 'close()' can't be called here; method '_connection_for_bind()' is already in progress and this would cause an unexpected state change to <SessionTransactionState.CLOSED: 5> (Background on this error at: https://sqlalche.me/e/20/isce)
2025-09-07 21:54:07,881 - domination.lang_utils - ERROR - log_error:57 - Erro ao obter Idioma do chat 6034249744: Method 'close()' can't be called here; method '_connection_for_bind()' is already in progress and this would cause an unexpected state change to <SessionTransactionState.CLOSED: 5> (Background on this error at: https://sqlalche.me/e/20/isce)
Traceback (most recent call last):
  File "C:\Users\ryo\Documents\Domination BOT\domination\plugins\lang_utils.py", line 20, in obter_Idioma_chat
    result = await session.execute(stmt)
             ^^^^^^^^^^^^^^^^^^^^^^^^^^^
  File "c:\Users\ryo\Documents\Domination BOT\.venv\Lib\site-packages\sqlalchemy\ext\asyncio\session.py", line 463, in execute
    result = await greenlet_spawn(
             ^^^^^^^^^^^^^^^^^^^^^
    ...<6 lines>...
    )
    ^
  File "c:\Users\ryo\Documents\Domination BOT\.venv\Lib\site-packages\sqlalchemy\util\_concurrency_py3k.py", line 190, in greenlet_spawn
    result = context.switch(*args, **kwargs)
  File "c:\Users\ryo\Documents\Domination BOT\.venv\Lib\site-packages\sqlalchemy\orm\session.py", line 2365, in execute
    return self._execute_internal(
           ~~~~~~~~~~~~~~~~~~~~~~^
        statement,
        ^^^^^^^^^^
    ...<4 lines>...
        _add_event=_add_event,
        ^^^^^^^^^^^^^^^^^^^^^^
    )
    ^
  File "c:\Users\ryo\Documents\Domination BOT\.venv\Lib\site-packages\sqlalchemy\orm\session.py", line 2241, in _execute_internal
    conn = self._connection_for_bind(bind)
  File "c:\Users\ryo\Documents\Domination BOT\.venv\Lib\site-packages\sqlalchemy\orm\session.py", line 2110, in _connection_for_bind
    return trans._connection_for_bind(engine, execution_options)
           ~~~~~~~~~~~~~~~~~~~~~~~~~~^^^^^^^^^^^^^^^^^^^^^^^^^^^
  File "<string>", line 2, in _connection_for_bind
  File "c:\Users\ryo\Documents\Domination BOT\.venv\Lib\site-packages\sqlalchemy\orm\state_changes.py", line 101, in _go
    self._raise_for_prerequisite_state(fn.__name__, current_state)
    ~~~~~~~~~~~~~~~~~~~~~~~~~~~~~~~~~~^^^^^^^^^^^^^^^^^^^^^^^^^^^^
  File "c:\Users\ryo\Documents\Domination BOT\.venv\Lib\site-packages\sqlalchemy\orm\session.py", line 990, in _raise_for_prerequisite_state
    raise sa_exc.InvalidRequestError(
    ...<3 lines>...
    )
sqlalchemy.exc.InvalidRequestError: This session is provisioning a new connection; concurrent operations are not permitted (Background on this error at: https://sqlalche.me/e/20/isce)

During handling of the above exception, another exception occurred:

Traceback (most recent call last):
  File "C:\Users\ryo\Documents\Domination BOT\domination\plugins\lang_utils.py", line 18, in obter_Idioma_chat
    async with await client.get_reusable_session() as session:
               ^^^^^^^^^^^^^^^^^^^^^^^^^^^^^^^^^^^
  File "c:\Users\ryo\Documents\Domination BOT\.venv\Lib\site-packages\sqlalchemy\ext\asyncio\session.py", line 1085, in __aexit__
    await asyncio.shield(task)
  File "c:\Users\ryo\Documents\Domination BOT\.venv\Lib\site-packages\sqlalchemy\ext\asyncio\session.py", line 1030, in close
    await greenlet_spawn(self.sync_session.close)
  File "c:\Users\ryo\Documents\Domination BOT\.venv\Lib\site-packages\sqlalchemy\util\_concurrency_py3k.py", line 190, in greenlet_spawn
    result = context.switch(*args, **kwargs)
  File "c:\Users\ryo\Documents\Domination BOT\.venv\Lib\site-packages\sqlalchemy\orm\session.py", line 2521, in close
    self._close_impl(invalidate=False)
    ~~~~~~~~~~~~~~~~^^^^^^^^^^^^^^^^^^
  File "c:\Users\ryo\Documents\Domination BOT\.venv\Lib\site-packages\sqlalchemy\orm\session.py", line 2590, in _close_impl
    transaction.close(invalidate)
    ~~~~~~~~~~~~~~~~~^^^^^^^^^^^^
  File "<string>", line 2, in close
  File "c:\Users\ryo\Documents\Domination BOT\.venv\Lib\site-packages\sqlalchemy\orm\state_changes.py", line 119, in _go
    raise sa_exc.IllegalStateChangeError(
    ...<5 lines>...
    )
sqlalchemy.exc.IllegalStateChangeError: Method 'close()' can't be called here; method '_connection_for_bind()' is already in progress and this would cause an unexpected state change to <SessionTransactionState.CLOSED: 5> (Background on this error at: https://sqlalche.me/e/20/isce)
2025-09-07 21:54:10,330 - domination.lang_utils - ERROR - log_error:57 - Erro ao obter Idioma do chat 6034249744: Method 'close()' can't be called here; method '_connection_for_bind()' is already in progress and this would cause an unexpected state change to <SessionTransactionState.CLOSED: 5> (Background on this error at: https://sqlalche.me/e/20/isce)
Traceback (most recent call last):
  File "C:\Users\ryo\Documents\Domination BOT\domination\plugins\lang_utils.py", line 20, in obter_Idioma_chat
    result = await session.execute(stmt)
             ^^^^^^^^^^^^^^^^^^^^^^^^^^^
  File "c:\Users\ryo\Documents\Domination BOT\.venv\Lib\site-packages\sqlalchemy\ext\asyncio\session.py", line 463, in execute
    result = await greenlet_spawn(
             ^^^^^^^^^^^^^^^^^^^^^
    ...<6 lines>...
    )
    ^
  File "c:\Users\ryo\Documents\Domination BOT\.venv\Lib\site-packages\sqlalchemy\util\_concurrency_py3k.py", line 190, in greenlet_spawn
    result = context.switch(*args, **kwargs)
  File "c:\Users\ryo\Documents\Domination BOT\.venv\Lib\site-packages\sqlalchemy\orm\session.py", line 2365, in execute
    return self._execute_internal(
           ~~~~~~~~~~~~~~~~~~~~~~^
        statement,
        ^^^^^^^^^^
    ...<4 lines>...
        _add_event=_add_event,
        ^^^^^^^^^^^^^^^^^^^^^^
    )
    ^
  File "c:\Users\ryo\Documents\Domination BOT\.venv\Lib\site-packages\sqlalchemy\orm\session.py", line 2241, in _execute_internal
    conn = self._connection_for_bind(bind)
  File "c:\Users\ryo\Documents\Domination BOT\.venv\Lib\site-packages\sqlalchemy\orm\session.py", line 2110, in _connection_for_bind
    return trans._connection_for_bind(engine, execution_options)
           ~~~~~~~~~~~~~~~~~~~~~~~~~~^^^^^^^^^^^^^^^^^^^^^^^^^^^
  File "<string>", line 2, in _connection_for_bind
  File "c:\Users\ryo\Documents\Domination BOT\.venv\Lib\site-packages\sqlalchemy\orm\state_changes.py", line 101, in _go
    self._raise_for_prerequisite_state(fn.__name__, current_state)
    ~~~~~~~~~~~~~~~~~~~~~~~~~~~~~~~~~~^^^^^^^^^^^^^^^^^^^^^^^^^^^^
  File "c:\Users\ryo\Documents\Domination BOT\.venv\Lib\site-packages\sqlalchemy\orm\session.py", line 990, in _raise_for_prerequisite_state
    raise sa_exc.InvalidRequestError(
    ...<3 lines>...
    )
sqlalchemy.exc.InvalidRequestError: This session is provisioning a new connection; concurrent operations are not permitted (Background on this error at: https://sqlalche.me/e/20/isce)

During handling of the above exception, another exception occurred:

Traceback (most recent call last):
  File "C:\Users\ryo\Documents\Domination BOT\domination\plugins\lang_utils.py", line 18, in obter_Idioma_chat
    async with await client.get_reusable_session() as session:
               ^^^^^^^^^^^^^^^^^^^^^^^^^^^^^^^^^^^
  File "c:\Users\ryo\Documents\Domination BOT\.venv\Lib\site-packages\sqlalchemy\ext\asyncio\session.py", line 1085, in __aexit__
    await asyncio.shield(task)
  File "c:\Users\ryo\Documents\Domination BOT\.venv\Lib\site-packages\sqlalchemy\ext\asyncio\session.py", line 1030, in close
    await greenlet_spawn(self.sync_session.close)
  File "c:\Users\ryo\Documents\Domination BOT\.venv\Lib\site-packages\sqlalchemy\util\_concurrency_py3k.py", line 190, in greenlet_spawn
    result = context.switch(*args, **kwargs)
  File "c:\Users\ryo\Documents\Domination BOT\.venv\Lib\site-packages\sqlalchemy\orm\session.py", line 2521, in close
    self._close_impl(invalidate=False)
    ~~~~~~~~~~~~~~~~^^^^^^^^^^^^^^^^^^
  File "c:\Users\ryo\Documents\Domination BOT\.venv\Lib\site-packages\sqlalchemy\orm\session.py", line 2590, in _close_impl
    transaction.close(invalidate)
    ~~~~~~~~~~~~~~~~~^^^^^^^^^^^^
  File "<string>", line 2, in close
  File "c:\Users\ryo\Documents\Domination BOT\.venv\Lib\site-packages\sqlalchemy\orm\state_changes.py", line 119, in _go
    raise sa_exc.IllegalStateChangeError(
    ...<5 lines>...
    )
sqlalchemy.exc.IllegalStateChangeError: Method 'close()' can't be called here; method '_connection_for_bind()' is already in progress and this would cause an unexpected state change to <SessionTransactionState.CLOSED: 5> (Background on this error at: https://sqlalche.me/e/20/isce)
2025-09-07 21:54:11,561 - domination.lang_utils - ERROR - log_error:57 - Erro ao obter Idioma do chat 6034249744: Method 'close()' can't be called here; method '_connection_for_bind()' is already in progress and this would cause an unexpected state change to <SessionTransactionState.CLOSED: 5> (Background on this error at: https://sqlalche.me/e/20/isce)
Traceback (most recent call last):
  File "C:\Users\ryo\Documents\Domination BOT\domination\plugins\lang_utils.py", line 20, in obter_Idioma_chat
    result = await session.execute(stmt)
             ^^^^^^^^^^^^^^^^^^^^^^^^^^^
  File "c:\Users\ryo\Documents\Domination BOT\.venv\Lib\site-packages\sqlalchemy\ext\asyncio\session.py", line 463, in execute
    result = await greenlet_spawn(
             ^^^^^^^^^^^^^^^^^^^^^
    ...<6 lines>...
    )
    ^
  File "c:\Users\ryo\Documents\Domination BOT\.venv\Lib\site-packages\sqlalchemy\util\_concurrency_py3k.py", line 190, in greenlet_spawn
    result = context.switch(*args, **kwargs)
  File "c:\Users\ryo\Documents\Domination BOT\.venv\Lib\site-packages\sqlalchemy\orm\session.py", line 2365, in execute
    return self._execute_internal(
           ~~~~~~~~~~~~~~~~~~~~~~^
        statement,
        ^^^^^^^^^^
    ...<4 lines>...
        _add_event=_add_event,
        ^^^^^^^^^^^^^^^^^^^^^^
    )
    ^
  File "c:\Users\ryo\Documents\Domination BOT\.venv\Lib\site-packages\sqlalchemy\orm\session.py", line 2241, in _execute_internal
    conn = self._connection_for_bind(bind)
  File "c:\Users\ryo\Documents\Domination BOT\.venv\Lib\site-packages\sqlalchemy\orm\session.py", line 2110, in _connection_for_bind
    return trans._connection_for_bind(engine, execution_options)
           ~~~~~~~~~~~~~~~~~~~~~~~~~~^^^^^^^^^^^^^^^^^^^^^^^^^^^
  File "<string>", line 2, in _connection_for_bind
  File "c:\Users\ryo\Documents\Domination BOT\.venv\Lib\site-packages\sqlalchemy\orm\state_changes.py", line 101, in _go
    self._raise_for_prerequisite_state(fn.__name__, current_state)
    ~~~~~~~~~~~~~~~~~~~~~~~~~~~~~~~~~~^^^^^^^^^^^^^^^^^^^^^^^^^^^^
  File "c:\Users\ryo\Documents\Domination BOT\.venv\Lib\site-packages\sqlalchemy\orm\session.py", line 990, in _raise_for_prerequisite_state
    raise sa_exc.InvalidRequestError(
    ...<3 lines>...
    )
sqlalchemy.exc.InvalidRequestError: This session is provisioning a new connection; concurrent operations are not permitted (Background on this error at: https://sqlalche.me/e/20/isce)

During handling of the above exception, another exception occurred:

Traceback (most recent call last):
  File "C:\Users\ryo\Documents\Domination BOT\domination\plugins\lang_utils.py", line 18, in obter_Idioma_chat
    async with await client.get_reusable_session() as session:
               ^^^^^^^^^^^^^^^^^^^^^^^^^^^^^^^^^^^
  File "c:\Users\ryo\Documents\Domination BOT\.venv\Lib\site-packages\sqlalchemy\ext\asyncio\session.py", line 1085, in __aexit__
    await asyncio.shield(task)
  File "c:\Users\ryo\Documents\Domination BOT\.venv\Lib\site-packages\sqlalchemy\ext\asyncio\session.py", line 1030, in close
    await greenlet_spawn(self.sync_session.close)
  File "c:\Users\ryo\Documents\Domination BOT\.venv\Lib\site-packages\sqlalchemy\util\_concurrency_py3k.py", line 190, in greenlet_spawn
    result = context.switch(*args, **kwargs)
  File "c:\Users\ryo\Documents\Domination BOT\.venv\Lib\site-packages\sqlalchemy\orm\session.py", line 2521, in close
    self._close_impl(invalidate=False)
    ~~~~~~~~~~~~~~~~^^^^^^^^^^^^^^^^^^
  File "c:\Users\ryo\Documents\Domination BOT\.venv\Lib\site-packages\sqlalchemy\orm\session.py", line 2590, in _close_impl
    transaction.close(invalidate)
    ~~~~~~~~~~~~~~~~~^^^^^^^^^^^^
  File "<string>", line 2, in close
  File "c:\Users\ryo\Documents\Domination BOT\.venv\Lib\site-packages\sqlalchemy\orm\state_changes.py", line 119, in _go
    raise sa_exc.IllegalStateChangeError(
    ...<5 lines>...
    )
sqlalchemy.exc.IllegalStateChangeError: Method 'close()' can't be called here; method '_connection_for_bind()' is already in progress and this would cause an unexpected state change to <SessionTransactionState.CLOSED: 5> (Background on this error at: https://sqlalche.me/e/20/isce)
2025-09-07 21:54:12,952 - domination.lang_utils - ERROR - log_error:57 - Erro ao obter Idioma do chat 6034249744: Method 'close()' can't be called here; method '_connection_for_bind()' is already in progress and this would cause an unexpected state change to <SessionTransactionState.CLOSED: 5> (Background on this error at: https://sqlalche.me/e/20/isce)
Traceback (most recent call last):
  File "C:\Users\ryo\Documents\Domination BOT\domination\plugins\lang_utils.py", line 20, in obter_Idioma_chat
    result = await session.execute(stmt)
             ^^^^^^^^^^^^^^^^^^^^^^^^^^^
  File "c:\Users\ryo\Documents\Domination BOT\.venv\Lib\site-packages\sqlalchemy\ext\asyncio\session.py", line 463, in execute
    result = await greenlet_spawn(
             ^^^^^^^^^^^^^^^^^^^^^
    ...<6 lines>...
    )
    ^
  File "c:\Users\ryo\Documents\Domination BOT\.venv\Lib\site-packages\sqlalchemy\util\_concurrency_py3k.py", line 190, in greenlet_spawn
    result = context.switch(*args, **kwargs)
  File "c:\Users\ryo\Documents\Domination BOT\.venv\Lib\site-packages\sqlalchemy\orm\session.py", line 2365, in execute
    return self._execute_internal(
           ~~~~~~~~~~~~~~~~~~~~~~^
        statement,
        ^^^^^^^^^^
    ...<4 lines>...
        _add_event=_add_event,
        ^^^^^^^^^^^^^^^^^^^^^^
    )
    ^
  File "c:\Users\ryo\Documents\Domination BOT\.venv\Lib\site-packages\sqlalchemy\orm\session.py", line 2241, in _execute_internal
    conn = self._connection_for_bind(bind)
  File "c:\Users\ryo\Documents\Domination BOT\.venv\Lib\site-packages\sqlalchemy\orm\session.py", line 2110, in _connection_for_bind
    return trans._connection_for_bind(engine, execution_options)
           ~~~~~~~~~~~~~~~~~~~~~~~~~~^^^^^^^^^^^^^^^^^^^^^^^^^^^
  File "<string>", line 2, in _connection_for_bind
  File "c:\Users\ryo\Documents\Domination BOT\.venv\Lib\site-packages\sqlalchemy\orm\state_changes.py", line 101, in _go
    self._raise_for_prerequisite_state(fn.__name__, current_state)
    ~~~~~~~~~~~~~~~~~~~~~~~~~~~~~~~~~~^^^^^^^^^^^^^^^^^^^^^^^^^^^^
  File "c:\Users\ryo\Documents\Domination BOT\.venv\Lib\site-packages\sqlalchemy\orm\session.py", line 990, in _raise_for_prerequisite_state
    raise sa_exc.InvalidRequestError(
    ...<3 lines>...
    )
sqlalchemy.exc.InvalidRequestError: This session is provisioning a new connection; concurrent operations are not permitted (Background on this error at: https://sqlalche.me/e/20/isce)

During handling of the above exception, another exception occurred:

Traceback (most recent call last):
  File "C:\Users\ryo\Documents\Domination BOT\domination\plugins\lang_utils.py", line 18, in obter_Idioma_chat
    async with await client.get_reusable_session() as session:
               ^^^^^^^^^^^^^^^^^^^^^^^^^^^^^^^^^^^
  File "c:\Users\ryo\Documents\Domination BOT\.venv\Lib\site-packages\sqlalchemy\ext\asyncio\session.py", line 1085, in __aexit__
    await asyncio.shield(task)
  File "c:\Users\ryo\Documents\Domination BOT\.venv\Lib\site-packages\sqlalchemy\ext\asyncio\session.py", line 1030, in close
    await greenlet_spawn(self.sync_session.close)
  File "c:\Users\ryo\Documents\Domination BOT\.venv\Lib\site-packages\sqlalchemy\util\_concurrency_py3k.py", line 190, in greenlet_spawn
    result = context.switch(*args, **kwargs)
  File "c:\Users\ryo\Documents\Domination BOT\.venv\Lib\site-packages\sqlalchemy\orm\session.py", line 2521, in close
    self._close_impl(invalidate=False)
    ~~~~~~~~~~~~~~~~^^^^^^^^^^^^^^^^^^
  File "c:\Users\ryo\Documents\Domination BOT\.venv\Lib\site-packages\sqlalchemy\orm\session.py", line 2590, in _close_impl
    transaction.close(invalidate)
    ~~~~~~~~~~~~~~~~~^^^^^^^^^^^^
  File "<string>", line 2, in close
  File "c:\Users\ryo\Documents\Domination BOT\.venv\Lib\site-packages\sqlalchemy\orm\state_changes.py", line 119, in _go
    raise sa_exc.IllegalStateChangeError(
    ...<5 lines>...
    )
sqlalchemy.exc.IllegalStateChangeError: Method 'close()' can't be called here; method '_connection_for_bind()' is already in progress and this would cause an unexpected state change to <SessionTransactionState.CLOSED: 5> (Background on this error at: https://sqlalche.me/e/20/isce)
2025-09-07 21:54:16,367 - domination.lang_utils - ERROR - log_error:57 - Erro ao obter Idioma do chat 6034249744: Method 'close()' can't be called here; method '_connection_for_bind()' is already in progress and this would cause an unexpected state change to <SessionTransactionState.CLOSED: 5> (Background on this error at: https://sqlalche.me/e/20/isce)
Traceback (most recent call last):
  File "C:\Users\ryo\Documents\Domination BOT\domination\plugins\lang_utils.py", line 20, in obter_Idioma_chat
    result = await session.execute(stmt)
             ^^^^^^^^^^^^^^^^^^^^^^^^^^^
  File "c:\Users\ryo\Documents\Domination BOT\.venv\Lib\site-packages\sqlalchemy\ext\asyncio\session.py", line 463, in execute
    result = await greenlet_spawn(
             ^^^^^^^^^^^^^^^^^^^^^
    ...<6 lines>...
    )
    ^
  File "c:\Users\ryo\Documents\Domination BOT\.venv\Lib\site-packages\sqlalchemy\util\_concurrency_py3k.py", line 190, in greenlet_spawn
    result = context.switch(*args, **kwargs)
  File "c:\Users\ryo\Documents\Domination BOT\.venv\Lib\site-packages\sqlalchemy\orm\session.py", line 2365, in execute
    return self._execute_internal(
           ~~~~~~~~~~~~~~~~~~~~~~^
        statement,
        ^^^^^^^^^^
    ...<4 lines>...
        _add_event=_add_event,
        ^^^^^^^^^^^^^^^^^^^^^^
    )
    ^
  File "c:\Users\ryo\Documents\Domination BOT\.venv\Lib\site-packages\sqlalchemy\orm\session.py", line 2241, in _execute_internal
    conn = self._connection_for_bind(bind)
  File "c:\Users\ryo\Documents\Domination BOT\.venv\Lib\site-packages\sqlalchemy\orm\session.py", line 2110, in _connection_for_bind
    return trans._connection_for_bind(engine, execution_options)
           ~~~~~~~~~~~~~~~~~~~~~~~~~~^^^^^^^^^^^^^^^^^^^^^^^^^^^
  File "<string>", line 2, in _connection_for_bind
  File "c:\Users\ryo\Documents\Domination BOT\.venv\Lib\site-packages\sqlalchemy\orm\state_changes.py", line 101, in _go
    self._raise_for_prerequisite_state(fn.__name__, current_state)
    ~~~~~~~~~~~~~~~~~~~~~~~~~~~~~~~~~~^^^^^^^^^^^^^^^^^^^^^^^^^^^^
  File "c:\Users\ryo\Documents\Domination BOT\.venv\Lib\site-packages\sqlalchemy\orm\session.py", line 990, in _raise_for_prerequisite_state
    raise sa_exc.InvalidRequestError(
    ...<3 lines>...
    )
sqlalchemy.exc.InvalidRequestError: This session is provisioning a new connection; concurrent operations are not permitted (Background on this error at: https://sqlalche.me/e/20/isce)

During handling of the above exception, another exception occurred:

Traceback (most recent call last):
  File "C:\Users\ryo\Documents\Domination BOT\domination\plugins\lang_utils.py", line 18, in obter_Idioma_chat
    async with await client.get_reusable_session() as session:
               ^^^^^^^^^^^^^^^^^^^^^^^^^^^^^^^^^^^
  File "c:\Users\ryo\Documents\Domination BOT\.venv\Lib\site-packages\sqlalchemy\ext\asyncio\session.py", line 1085, in __aexit__
    await asyncio.shield(task)
  File "c:\Users\ryo\Documents\Domination BOT\.venv\Lib\site-packages\sqlalchemy\ext\asyncio\session.py", line 1030, in close
    await greenlet_spawn(self.sync_session.close)
  File "c:\Users\ryo\Documents\Domination BOT\.venv\Lib\site-packages\sqlalchemy\util\_concurrency_py3k.py", line 190, in greenlet_spawn
    result = context.switch(*args, **kwargs)
  File "c:\Users\ryo\Documents\Domination BOT\.venv\Lib\site-packages\sqlalchemy\orm\session.py", line 2521, in close
    self._close_impl(invalidate=False)
    ~~~~~~~~~~~~~~~~^^^^^^^^^^^^^^^^^^
  File "c:\Users\ryo\Documents\Domination BOT\.venv\Lib\site-packages\sqlalchemy\orm\session.py", line 2590, in _close_impl
    transaction.close(invalidate)
    ~~~~~~~~~~~~~~~~~^^^^^^^^^^^^
  File "<string>", line 2, in close
  File "c:\Users\ryo\Documents\Domination BOT\.venv\Lib\site-packages\sqlalchemy\orm\state_changes.py", line 119, in _go
    raise sa_exc.IllegalStateChangeError(
    ...<5 lines>...
    )
sqlalchemy.exc.IllegalStateChangeError: Method 'close()' can't be called here; method '_connection_for_bind()' is already in progress and this would cause an unexpected state change to <SessionTransactionState.CLOSED: 5> (Background on this error at: https://sqlalche.me/e/20/isce)
2025-09-07 21:54:18,163 - domination.lang_utils - ERROR - log_error:57 - Erro ao obter Idioma do chat 6034249744: Method 'close()' can't be called here; method '_connection_for_bind()' is already in progress and this would cause an unexpected state change to <SessionTransactionState.CLOSED: 5> (Background on this error at: https://sqlalche.me/e/20/isce)
Traceback (most recent call last):
  File "C:\Users\ryo\Documents\Domination BOT\domination\plugins\lang_utils.py", line 20, in obter_Idioma_chat
    result = await session.execute(stmt)
             ^^^^^^^^^^^^^^^^^^^^^^^^^^^
  File "c:\Users\ryo\Documents\Domination BOT\.venv\Lib\site-packages\sqlalchemy\ext\asyncio\session.py", line 463, in execute
    result = await greenlet_spawn(
             ^^^^^^^^^^^^^^^^^^^^^
    ...<6 lines>...
    )
    ^
  File "c:\Users\ryo\Documents\Domination BOT\.venv\Lib\site-packages\sqlalchemy\util\_concurrency_py3k.py", line 190, in greenlet_spawn
    result = context.switch(*args, **kwargs)
  File "c:\Users\ryo\Documents\Domination BOT\.venv\Lib\site-packages\sqlalchemy\orm\session.py", line 2365, in execute
    return self._execute_internal(
           ~~~~~~~~~~~~~~~~~~~~~~^
        statement,
        ^^^^^^^^^^
    ...<4 lines>...
        _add_event=_add_event,
        ^^^^^^^^^^^^^^^^^^^^^^
    )
    ^
  File "c:\Users\ryo\Documents\Domination BOT\.venv\Lib\site-packages\sqlalchemy\orm\session.py", line 2241, in _execute_internal
    conn = self._connection_for_bind(bind)
  File "c:\Users\ryo\Documents\Domination BOT\.venv\Lib\site-packages\sqlalchemy\orm\session.py", line 2110, in _connection_for_bind
    return trans._connection_for_bind(engine, execution_options)
           ~~~~~~~~~~~~~~~~~~~~~~~~~~^^^^^^^^^^^^^^^^^^^^^^^^^^^
  File "<string>", line 2, in _connection_for_bind
  File "c:\Users\ryo\Documents\Domination BOT\.venv\Lib\site-packages\sqlalchemy\orm\state_changes.py", line 101, in _go
    self._raise_for_prerequisite_state(fn.__name__, current_state)
    ~~~~~~~~~~~~~~~~~~~~~~~~~~~~~~~~~~^^^^^^^^^^^^^^^^^^^^^^^^^^^^
  File "c:\Users\ryo\Documents\Domination BOT\.venv\Lib\site-packages\sqlalchemy\orm\session.py", line 990, in _raise_for_prerequisite_state
    raise sa_exc.InvalidRequestError(
    ...<3 lines>...
    )
sqlalchemy.exc.InvalidRequestError: This session is provisioning a new connection; concurrent operations are not permitted (Background on this error at: https://sqlalche.me/e/20/isce)

During handling of the above exception, another exception occurred:

Traceback (most recent call last):
  File "C:\Users\ryo\Documents\Domination BOT\domination\plugins\lang_utils.py", line 18, in obter_Idioma_chat
    async with await client.get_reusable_session() as session:
               ^^^^^^^^^^^^^^^^^^^^^^^^^^^^^^^^^^^
  File "c:\Users\ryo\Documents\Domination BOT\.venv\Lib\site-packages\sqlalchemy\ext\asyncio\session.py", line 1085, in __aexit__
    await asyncio.shield(task)
  File "c:\Users\ryo\Documents\Domination BOT\.venv\Lib\site-packages\sqlalchemy\ext\asyncio\session.py", line 1030, in close
    await greenlet_spawn(self.sync_session.close)
  File "c:\Users\ryo\Documents\Domination BOT\.venv\Lib\site-packages\sqlalchemy\util\_concurrency_py3k.py", line 190, in greenlet_spawn
    result = context.switch(*args, **kwargs)
  File "c:\Users\ryo\Documents\Domination BOT\.venv\Lib\site-packages\sqlalchemy\orm\session.py", line 2521, in close
    self._close_impl(invalidate=False)
    ~~~~~~~~~~~~~~~~^^^^^^^^^^^^^^^^^^
  File "c:\Users\ryo\Documents\Domination BOT\.venv\Lib\site-packages\sqlalchemy\orm\session.py", line 2590, in _close_impl
    transaction.close(invalidate)
    ~~~~~~~~~~~~~~~~~^^^^^^^^^^^^
  File "<string>", line 2, in close
  File "c:\Users\ryo\Documents\Domination BOT\.venv\Lib\site-packages\sqlalchemy\orm\state_changes.py", line 119, in _go
    raise sa_exc.IllegalStateChangeError(
    ...<5 lines>...
    )
sqlalchemy.exc.IllegalStateChangeError: Method 'close()' can't be called here; method '_connection_for_bind()' is already in progress and this would cause an unexpected state change to <SessionTransactionState.CLOSED: 5> (Background on this error at: https://sqlalche.me/e/20/isce)
2025-09-07 21:54:20,469 - domination.lang_utils - ERROR - log_error:57 - Erro ao obter Idioma do chat 6034249744: Method 'close()' can't be called here; method '_connection_for_bind()' is already in progress and this would cause an unexpected state change to <SessionTransactionState.CLOSED: 5> (Background on this error at: https://sqlalche.me/e/20/isce)
Traceback (most recent call last):
  File "C:\Users\ryo\Documents\Domination BOT\domination\plugins\lang_utils.py", line 20, in obter_Idioma_chat
    result = await session.execute(stmt)
             ^^^^^^^^^^^^^^^^^^^^^^^^^^^
  File "c:\Users\ryo\Documents\Domination BOT\.venv\Lib\site-packages\sqlalchemy\ext\asyncio\session.py", line 463, in execute
    result = await greenlet_spawn(
             ^^^^^^^^^^^^^^^^^^^^^
    ...<6 lines>...
    )
    ^
  File "c:\Users\ryo\Documents\Domination BOT\.venv\Lib\site-packages\sqlalchemy\util\_concurrency_py3k.py", line 190, in greenlet_spawn
    result = context.switch(*args, **kwargs)
  File "c:\Users\ryo\Documents\Domination BOT\.venv\Lib\site-packages\sqlalchemy\orm\session.py", line 2365, in execute
    return self._execute_internal(
           ~~~~~~~~~~~~~~~~~~~~~~^
        statement,
        ^^^^^^^^^^
    ...<4 lines>...
        _add_event=_add_event,
        ^^^^^^^^^^^^^^^^^^^^^^
    )
    ^
  File "c:\Users\ryo\Documents\Domination BOT\.venv\Lib\site-packages\sqlalchemy\orm\session.py", line 2241, in _execute_internal
    conn = self._connection_for_bind(bind)
  File "c:\Users\ryo\Documents\Domination BOT\.venv\Lib\site-packages\sqlalchemy\orm\session.py", line 2110, in _connection_for_bind
    return trans._connection_for_bind(engine, execution_options)
           ~~~~~~~~~~~~~~~~~~~~~~~~~~^^^^^^^^^^^^^^^^^^^^^^^^^^^
  File "<string>", line 2, in _connection_for_bind
  File "c:\Users\ryo\Documents\Domination BOT\.venv\Lib\site-packages\sqlalchemy\orm\state_changes.py", line 101, in _go
    self._raise_for_prerequisite_state(fn.__name__, current_state)
    ~~~~~~~~~~~~~~~~~~~~~~~~~~~~~~~~~~^^^^^^^^^^^^^^^^^^^^^^^^^^^^
  File "c:\Users\ryo\Documents\Domination BOT\.venv\Lib\site-packages\sqlalchemy\orm\session.py", line 990, in _raise_for_prerequisite_state
    raise sa_exc.InvalidRequestError(
    ...<3 lines>...
    )
sqlalchemy.exc.InvalidRequestError: This session is provisioning a new connection; concurrent operations are not permitted (Background on this error at: https://sqlalche.me/e/20/isce)

During handling of the above exception, another exception occurred:

Traceback (most recent call last):
  File "C:\Users\ryo\Documents\Domination BOT\domination\plugins\lang_utils.py", line 18, in obter_Idioma_chat
    async with await client.get_reusable_session() as session:
               ^^^^^^^^^^^^^^^^^^^^^^^^^^^^^^^^^^^
  File "c:\Users\ryo\Documents\Domination BOT\.venv\Lib\site-packages\sqlalchemy\ext\asyncio\session.py", line 1085, in __aexit__
    await asyncio.shield(task)
  File "c:\Users\ryo\Documents\Domination BOT\.venv\Lib\site-packages\sqlalchemy\ext\asyncio\session.py", line 1030, in close
    await greenlet_spawn(self.sync_session.close)
  File "c:\Users\ryo\Documents\Domination BOT\.venv\Lib\site-packages\sqlalchemy\util\_concurrency_py3k.py", line 190, in greenlet_spawn
    result = context.switch(*args, **kwargs)
  File "c:\Users\ryo\Documents\Domination BOT\.venv\Lib\site-packages\sqlalchemy\orm\session.py", line 2521, in close
    self._close_impl(invalidate=False)
    ~~~~~~~~~~~~~~~~^^^^^^^^^^^^^^^^^^
  File "c:\Users\ryo\Documents\Domination BOT\.venv\Lib\site-packages\sqlalchemy\orm\session.py", line 2590, in _close_impl
    transaction.close(invalidate)
    ~~~~~~~~~~~~~~~~~^^^^^^^^^^^^
  File "<string>", line 2, in close
  File "c:\Users\ryo\Documents\Domination BOT\.venv\Lib\site-packages\sqlalchemy\orm\state_changes.py", line 119, in _go
    raise sa_exc.IllegalStateChangeError(
    ...<5 lines>...
    )
sqlalchemy.exc.IllegalStateChangeError: Method 'close()' can't be called here; method '_connection_for_bind()' is already in progress and this would cause an unexpected state change to <SessionTransactionState.CLOSED: 5> (Background on this error at: https://sqlalche.me/e/20/isce)
2025-09-07 21:54:22,286 - domination.lang_utils - ERROR - log_error:57 - Erro ao obter Idioma do chat 6034249744: Method 'close()' can't be called here; method '_connection_for_bind()' is already in progress and this would cause an unexpected state change to <SessionTransactionState.CLOSED: 5> (Background on this error at: https://sqlalche.me/e/20/isce)
Traceback (most recent call last):
  File "C:\Users\ryo\Documents\Domination BOT\domination\plugins\lang_utils.py", line 20, in obter_Idioma_chat
    result = await session.execute(stmt)
             ^^^^^^^^^^^^^^^^^^^^^^^^^^^
  File "c:\Users\ryo\Documents\Domination BOT\.venv\Lib\site-packages\sqlalchemy\ext\asyncio\session.py", line 463, in execute
    result = await greenlet_spawn(
             ^^^^^^^^^^^^^^^^^^^^^
    ...<6 lines>...
    )
    ^
  File "c:\Users\ryo\Documents\Domination BOT\.venv\Lib\site-packages\sqlalchemy\util\_concurrency_py3k.py", line 190, in greenlet_spawn
    result = context.switch(*args, **kwargs)
  File "c:\Users\ryo\Documents\Domination BOT\.venv\Lib\site-packages\sqlalchemy\orm\session.py", line 2365, in execute
    return self._execute_internal(
           ~~~~~~~~~~~~~~~~~~~~~~^
        statement,
        ^^^^^^^^^^
    ...<4 lines>...
        _add_event=_add_event,
        ^^^^^^^^^^^^^^^^^^^^^^
    )
    ^
  File "c:\Users\ryo\Documents\Domination BOT\.venv\Lib\site-packages\sqlalchemy\orm\session.py", line 2241, in _execute_internal
    conn = self._connection_for_bind(bind)
  File "c:\Users\ryo\Documents\Domination BOT\.venv\Lib\site-packages\sqlalchemy\orm\session.py", line 2110, in _connection_for_bind
    return trans._connection_for_bind(engine, execution_options)
           ~~~~~~~~~~~~~~~~~~~~~~~~~~^^^^^^^^^^^^^^^^^^^^^^^^^^^
  File "<string>", line 2, in _connection_for_bind
  File "c:\Users\ryo\Documents\Domination BOT\.venv\Lib\site-packages\sqlalchemy\orm\state_changes.py", line 101, in _go
    self._raise_for_prerequisite_state(fn.__name__, current_state)
    ~~~~~~~~~~~~~~~~~~~~~~~~~~~~~~~~~~^^^^^^^^^^^^^^^^^^^^^^^^^^^^
  File "c:\Users\ryo\Documents\Domination BOT\.venv\Lib\site-packages\sqlalchemy\orm\session.py", line 990, in _raise_for_prerequisite_state
    raise sa_exc.InvalidRequestError(
    ...<3 lines>...
    )
sqlalchemy.exc.InvalidRequestError: This session is provisioning a new connection; concurrent operations are not permitted (Background on this error at: https://sqlalche.me/e/20/isce)

During handling of the above exception, another exception occurred:

Traceback (most recent call last):
  File "C:\Users\ryo\Documents\Domination BOT\domination\plugins\lang_utils.py", line 18, in obter_Idioma_chat
    async with await client.get_reusable_session() as session:
               ^^^^^^^^^^^^^^^^^^^^^^^^^^^^^^^^^^^
  File "c:\Users\ryo\Documents\Domination BOT\.venv\Lib\site-packages\sqlalchemy\ext\asyncio\session.py", line 1085, in __aexit__
    await asyncio.shield(task)
  File "c:\Users\ryo\Documents\Domination BOT\.venv\Lib\site-packages\sqlalchemy\ext\asyncio\session.py", line 1030, in close
    await greenlet_spawn(self.sync_session.close)
  File "c:\Users\ryo\Documents\Domination BOT\.venv\Lib\site-packages\sqlalchemy\util\_concurrency_py3k.py", line 190, in greenlet_spawn
    result = context.switch(*args, **kwargs)
  File "c:\Users\ryo\Documents\Domination BOT\.venv\Lib\site-packages\sqlalchemy\orm\session.py", line 2521, in close
    self._close_impl(invalidate=False)
    ~~~~~~~~~~~~~~~~^^^^^^^^^^^^^^^^^^
  File "c:\Users\ryo\Documents\Domination BOT\.venv\Lib\site-packages\sqlalchemy\orm\session.py", line 2590, in _close_impl
    transaction.close(invalidate)
    ~~~~~~~~~~~~~~~~~^^^^^^^^^^^^
  File "<string>", line 2, in close
  File "c:\Users\ryo\Documents\Domination BOT\.venv\Lib\site-packages\sqlalchemy\orm\state_changes.py", line 119, in _go
    raise sa_exc.IllegalStateChangeError(
    ...<5 lines>...
    )
sqlalchemy.exc.IllegalStateChangeError: Method 'close()' can't be called here; method '_connection_for_bind()' is already in progress and this would cause an unexpected state change to <SessionTransactionState.CLOSED: 5> (Background on this error at: https://sqlalche.me/e/20/isce)
2025-09-07 21:55:56,778 - domination.uteis - ERROR - log_error:57 - Erro ao verificar admin no grupo -1001659176163: Telegram says: [400 USER_NOT_PARTICIPANT] - The user is not a member of this chat (caused by "channels.GetParticipant")
Traceback (most recent call last):
  File "C:\Users\ryo\Documents\Domination BOT\uteis.py", line 303, in check_admin_group
    chat_member = await client.get_chat_member(chat_id=chat_id, user_id=user_id)
                  ^^^^^^^^^^^^^^^^^^^^^^^^^^^^^^^^^^^^^^^^^^^^^^^^^^^^^^^^^^^^^^
  File "c:\Users\ryo\Documents\Domination BOT\.venv\Lib\site-packages\pyrogram\methods\chats\get_chat_member.py", line 80, in get_chat_member
    r = await self.invoke(
        ^^^^^^^^^^^^^^^^^^
    ...<4 lines>...
    )
    ^
  File "c:\Users\ryo\Documents\Domination BOT\.venv\Lib\site-packages\pyrogram\methods\advanced\invoke.py", line 79, in invoke
    r = await self.session.invoke(
        ^^^^^^^^^^^^^^^^^^^^^^^^^^
    ...<4 lines>...
    )
    ^
  File "c:\Users\ryo\Documents\Domination BOT\.venv\Lib\site-packages\pyrogram\session\session.py", line 389, in invoke
    return await self.send(query, timeout=timeout)
           ^^^^^^^^^^^^^^^^^^^^^^^^^^^^^^^^^^^^^^^
  File "c:\Users\ryo\Documents\Domination BOT\.venv\Lib\site-packages\pyrogram\session\session.py", line 357, in send
    RPCError.raise_it(result, type(data))
    ~~~~~~~~~~~~~~~~~^^^^^^^^^^^^^^^^^^^^
  File "c:\Users\ryo\Documents\Domination BOT\.venv\Lib\site-packages\pyrogram\errors\rpc_error.py", line 91, in raise_it
    raise getattr(
    ...<5 lines>...
      is_signed=is_signed)
pyrogram.errors.exceptions.bad_request_400.UserNotParticipant: Telegram says: [400 USER_NOT_PARTICIPANT] - The user is not a member of this chat (caused by "channels.GetParticipant")
2025-09-07 21:56:25,097 - domination.uteis - ERROR - log_error:57 - Erro ao verificar admin no grupo -1001659176163: Telegram says: [400 USER_NOT_PARTICIPANT] - The user is not a member of this chat (caused by "channels.GetParticipant")
Traceback (most recent call last):
  File "C:\Users\ryo\Documents\Domination BOT\uteis.py", line 303, in check_admin_group
    chat_member = await client.get_chat_member(chat_id=chat_id, user_id=user_id)
                  ^^^^^^^^^^^^^^^^^^^^^^^^^^^^^^^^^^^^^^^^^^^^^^^^^^^^^^^^^^^^^^
  File "c:\Users\ryo\Documents\Domination BOT\.venv\Lib\site-packages\pyrogram\methods\chats\get_chat_member.py", line 80, in get_chat_member
    r = await self.invoke(
        ^^^^^^^^^^^^^^^^^^
    ...<4 lines>...
    )
    ^
  File "c:\Users\ryo\Documents\Domination BOT\.venv\Lib\site-packages\pyrogram\methods\advanced\invoke.py", line 79, in invoke
    r = await self.session.invoke(
        ^^^^^^^^^^^^^^^^^^^^^^^^^^
    ...<4 lines>...
    )
    ^
  File "c:\Users\ryo\Documents\Domination BOT\.venv\Lib\site-packages\pyrogram\session\session.py", line 389, in invoke
    return await self.send(query, timeout=timeout)
           ^^^^^^^^^^^^^^^^^^^^^^^^^^^^^^^^^^^^^^^
  File "c:\Users\ryo\Documents\Domination BOT\.venv\Lib\site-packages\pyrogram\session\session.py", line 357, in send
    RPCError.raise_it(result, type(data))
    ~~~~~~~~~~~~~~~~~^^^^^^^^^^^^^^^^^^^^
  File "c:\Users\ryo\Documents\Domination BOT\.venv\Lib\site-packages\pyrogram\errors\rpc_error.py", line 91, in raise_it
    raise getattr(
    ...<5 lines>...
      is_signed=is_signed)
pyrogram.errors.exceptions.bad_request_400.UserNotParticipant: Telegram says: [400 USER_NOT_PARTICIPANT] - The user is not a member of this chat (caused by "channels.GetParticipant")
2025-09-07 21:56:31,368 - domination.uteis - ERROR - log_error:57 - Erro ao verificar admin no grupo -1001659176163: Telegram says: [400 USER_NOT_PARTICIPANT] - The user is not a member of this chat (caused by "channels.GetParticipant")
Traceback (most recent call last):
  File "C:\Users\ryo\Documents\Domination BOT\uteis.py", line 303, in check_admin_group
    chat_member = await client.get_chat_member(chat_id=chat_id, user_id=user_id)
                  ^^^^^^^^^^^^^^^^^^^^^^^^^^^^^^^^^^^^^^^^^^^^^^^^^^^^^^^^^^^^^^
  File "c:\Users\ryo\Documents\Domination BOT\.venv\Lib\site-packages\pyrogram\methods\chats\get_chat_member.py", line 80, in get_chat_member
    r = await self.invoke(
        ^^^^^^^^^^^^^^^^^^
    ...<4 lines>...
    )
    ^
  File "c:\Users\ryo\Documents\Domination BOT\.venv\Lib\site-packages\pyrogram\methods\advanced\invoke.py", line 79, in invoke
    r = await self.session.invoke(
        ^^^^^^^^^^^^^^^^^^^^^^^^^^
    ...<4 lines>...
    )
    ^
  File "c:\Users\ryo\Documents\Domination BOT\.venv\Lib\site-packages\pyrogram\session\session.py", line 389, in invoke
    return await self.send(query, timeout=timeout)
           ^^^^^^^^^^^^^^^^^^^^^^^^^^^^^^^^^^^^^^^
  File "c:\Users\ryo\Documents\Domination BOT\.venv\Lib\site-packages\pyrogram\session\session.py", line 357, in send
    RPCError.raise_it(result, type(data))
    ~~~~~~~~~~~~~~~~~^^^^^^^^^^^^^^^^^^^^
  File "c:\Users\ryo\Documents\Domination BOT\.venv\Lib\site-packages\pyrogram\errors\rpc_error.py", line 91, in raise_it
    raise getattr(
    ...<5 lines>...
      is_signed=is_signed)
pyrogram.errors.exceptions.bad_request_400.UserNotParticipant: Telegram says: [400 USER_NOT_PARTICIPANT] - The user is not a member of this chat (caused by "channels.GetParticipant")
2025-09-07 21:56:41,047 - domination.uteis - ERROR - log_error:57 - Erro ao verificar admin no grupo -1001659176163: Telegram says: [400 USER_NOT_PARTICIPANT] - The user is not a member of this chat (caused by "channels.GetParticipant")
Traceback (most recent call last):
  File "C:\Users\ryo\Documents\Domination BOT\uteis.py", line 303, in check_admin_group
    chat_member = await client.get_chat_member(chat_id=chat_id, user_id=user_id)
                  ^^^^^^^^^^^^^^^^^^^^^^^^^^^^^^^^^^^^^^^^^^^^^^^^^^^^^^^^^^^^^^
  File "c:\Users\ryo\Documents\Domination BOT\.venv\Lib\site-packages\pyrogram\methods\chats\get_chat_member.py", line 80, in get_chat_member
    r = await self.invoke(
        ^^^^^^^^^^^^^^^^^^
    ...<4 lines>...
    )
    ^
  File "c:\Users\ryo\Documents\Domination BOT\.venv\Lib\site-packages\pyrogram\methods\advanced\invoke.py", line 79, in invoke
    r = await self.session.invoke(
        ^^^^^^^^^^^^^^^^^^^^^^^^^^
    ...<4 lines>...
    )
    ^
  File "c:\Users\ryo\Documents\Domination BOT\.venv\Lib\site-packages\pyrogram\session\session.py", line 389, in invoke
    return await self.send(query, timeout=timeout)
           ^^^^^^^^^^^^^^^^^^^^^^^^^^^^^^^^^^^^^^^
  File "c:\Users\ryo\Documents\Domination BOT\.venv\Lib\site-packages\pyrogram\session\session.py", line 357, in send
    RPCError.raise_it(result, type(data))
    ~~~~~~~~~~~~~~~~~^^^^^^^^^^^^^^^^^^^^
  File "c:\Users\ryo\Documents\Domination BOT\.venv\Lib\site-packages\pyrogram\errors\rpc_error.py", line 91, in raise_it
    raise getattr(
    ...<5 lines>...
      is_signed=is_signed)
pyrogram.errors.exceptions.bad_request_400.UserNotParticipant: Telegram says: [400 USER_NOT_PARTICIPANT] - The user is not a member of this chat (caused by "channels.GetParticipant")
2025-09-07 21:56:46,104 - domination.uteis - ERROR - log_error:57 - Erro ao verificar admin no grupo -1001659176163: Telegram says: [400 USER_NOT_PARTICIPANT] - The user is not a member of this chat (caused by "channels.GetParticipant")
Traceback (most recent call last):
  File "C:\Users\ryo\Documents\Domination BOT\uteis.py", line 303, in check_admin_group
    chat_member = await client.get_chat_member(chat_id=chat_id, user_id=user_id)
                  ^^^^^^^^^^^^^^^^^^^^^^^^^^^^^^^^^^^^^^^^^^^^^^^^^^^^^^^^^^^^^^
  File "c:\Users\ryo\Documents\Domination BOT\.venv\Lib\site-packages\pyrogram\methods\chats\get_chat_member.py", line 80, in get_chat_member
    r = await self.invoke(
        ^^^^^^^^^^^^^^^^^^
    ...<4 lines>...
    )
    ^
  File "c:\Users\ryo\Documents\Domination BOT\.venv\Lib\site-packages\pyrogram\methods\advanced\invoke.py", line 79, in invoke
    r = await self.session.invoke(
        ^^^^^^^^^^^^^^^^^^^^^^^^^^
    ...<4 lines>...
    )
    ^
  File "c:\Users\ryo\Documents\Domination BOT\.venv\Lib\site-packages\pyrogram\session\session.py", line 389, in invoke
    return await self.send(query, timeout=timeout)
           ^^^^^^^^^^^^^^^^^^^^^^^^^^^^^^^^^^^^^^^
  File "c:\Users\ryo\Documents\Domination BOT\.venv\Lib\site-packages\pyrogram\session\session.py", line 357, in send
    RPCError.raise_it(result, type(data))
    ~~~~~~~~~~~~~~~~~^^^^^^^^^^^^^^^^^^^^
  File "c:\Users\ryo\Documents\Domination BOT\.venv\Lib\site-packages\pyrogram\errors\rpc_error.py", line 91, in raise_it
    raise getattr(
    ...<5 lines>...
      is_signed=is_signed)
pyrogram.errors.exceptions.bad_request_400.UserNotParticipant: Telegram says: [400 USER_NOT_PARTICIPANT] - The user is not a member of this chat (caused by "channels.GetParticipant")
2025-09-07 21:56:46,955 - domination.uteis - ERROR - log_error:57 - Erro ao verificar admin no grupo -1001659176163: Telegram says: [400 USER_NOT_PARTICIPANT] - The user is not a member of this chat (caused by "channels.GetParticipant")
Traceback (most recent call last):
  File "C:\Users\ryo\Documents\Domination BOT\uteis.py", line 303, in check_admin_group
    chat_member = await client.get_chat_member(chat_id=chat_id, user_id=user_id)
                  ^^^^^^^^^^^^^^^^^^^^^^^^^^^^^^^^^^^^^^^^^^^^^^^^^^^^^^^^^^^^^^
  File "c:\Users\ryo\Documents\Domination BOT\.venv\Lib\site-packages\pyrogram\methods\chats\get_chat_member.py", line 80, in get_chat_member
    r = await self.invoke(
        ^^^^^^^^^^^^^^^^^^
    ...<4 lines>...
    )
    ^
  File "c:\Users\ryo\Documents\Domination BOT\.venv\Lib\site-packages\pyrogram\methods\advanced\invoke.py", line 79, in invoke
    r = await self.session.invoke(
        ^^^^^^^^^^^^^^^^^^^^^^^^^^
    ...<4 lines>...
    )
    ^
  File "c:\Users\ryo\Documents\Domination BOT\.venv\Lib\site-packages\pyrogram\session\session.py", line 389, in invoke
    return await self.send(query, timeout=timeout)
           ^^^^^^^^^^^^^^^^^^^^^^^^^^^^^^^^^^^^^^^
  File "c:\Users\ryo\Documents\Domination BOT\.venv\Lib\site-packages\pyrogram\session\session.py", line 357, in send
    RPCError.raise_it(result, type(data))
    ~~~~~~~~~~~~~~~~~^^^^^^^^^^^^^^^^^^^^
  File "c:\Users\ryo\Documents\Domination BOT\.venv\Lib\site-packages\pyrogram\errors\rpc_error.py", line 91, in raise_it
    raise getattr(
    ...<5 lines>...
      is_signed=is_signed)
pyrogram.errors.exceptions.bad_request_400.UserNotParticipant: Telegram says: [400 USER_NOT_PARTICIPANT] - The user is not a member of this chat (caused by "channels.GetParticipant")
2025-09-07 21:56:52,725 - domination.uteis - ERROR - log_error:57 - Erro ao verificar admin no grupo -1001659176163: Telegram says: [400 USER_NOT_PARTICIPANT] - The user is not a member of this chat (caused by "channels.GetParticipant")
Traceback (most recent call last):
  File "C:\Users\ryo\Documents\Domination BOT\uteis.py", line 303, in check_admin_group
    chat_member = await client.get_chat_member(chat_id=chat_id, user_id=user_id)
                  ^^^^^^^^^^^^^^^^^^^^^^^^^^^^^^^^^^^^^^^^^^^^^^^^^^^^^^^^^^^^^^
  File "c:\Users\ryo\Documents\Domination BOT\.venv\Lib\site-packages\pyrogram\methods\chats\get_chat_member.py", line 80, in get_chat_member
    r = await self.invoke(
        ^^^^^^^^^^^^^^^^^^
    ...<4 lines>...
    )
    ^
  File "c:\Users\ryo\Documents\Domination BOT\.venv\Lib\site-packages\pyrogram\methods\advanced\invoke.py", line 79, in invoke
    r = await self.session.invoke(
        ^^^^^^^^^^^^^^^^^^^^^^^^^^
    ...<4 lines>...
    )
    ^
  File "c:\Users\ryo\Documents\Domination BOT\.venv\Lib\site-packages\pyrogram\session\session.py", line 389, in invoke
    return await self.send(query, timeout=timeout)
           ^^^^^^^^^^^^^^^^^^^^^^^^^^^^^^^^^^^^^^^
  File "c:\Users\ryo\Documents\Domination BOT\.venv\Lib\site-packages\pyrogram\session\session.py", line 357, in send
    RPCError.raise_it(result, type(data))
    ~~~~~~~~~~~~~~~~~^^^^^^^^^^^^^^^^^^^^
  File "c:\Users\ryo\Documents\Domination BOT\.venv\Lib\site-packages\pyrogram\errors\rpc_error.py", line 91, in raise_it
    raise getattr(
    ...<5 lines>...
      is_signed=is_signed)
pyrogram.errors.exceptions.bad_request_400.UserNotParticipant: Telegram says: [400 USER_NOT_PARTICIPANT] - The user is not a member of this chat (caused by "channels.GetParticipant")
2025-09-07 21:56:56,440 - domination.uteis - ERROR - log_error:57 - Erro ao verificar admin no grupo -1001659176163: Telegram says: [400 USER_NOT_PARTICIPANT] - The user is not a member of this chat (caused by "channels.GetParticipant")
Traceback (most recent call last):
  File "C:\Users\ryo\Documents\Domination BOT\uteis.py", line 303, in check_admin_group
    chat_member = await client.get_chat_member(chat_id=chat_id, user_id=user_id)
                  ^^^^^^^^^^^^^^^^^^^^^^^^^^^^^^^^^^^^^^^^^^^^^^^^^^^^^^^^^^^^^^
  File "c:\Users\ryo\Documents\Domination BOT\.venv\Lib\site-packages\pyrogram\methods\chats\get_chat_member.py", line 80, in get_chat_member
    r = await self.invoke(
        ^^^^^^^^^^^^^^^^^^
    ...<4 lines>...
    )
    ^
  File "c:\Users\ryo\Documents\Domination BOT\.venv\Lib\site-packages\pyrogram\methods\advanced\invoke.py", line 79, in invoke
    r = await self.session.invoke(
        ^^^^^^^^^^^^^^^^^^^^^^^^^^
    ...<4 lines>...
    )
    ^
  File "c:\Users\ryo\Documents\Domination BOT\.venv\Lib\site-packages\pyrogram\session\session.py", line 389, in invoke
    return await self.send(query, timeout=timeout)
           ^^^^^^^^^^^^^^^^^^^^^^^^^^^^^^^^^^^^^^^
  File "c:\Users\ryo\Documents\Domination BOT\.venv\Lib\site-packages\pyrogram\session\session.py", line 357, in send
    RPCError.raise_it(result, type(data))
    ~~~~~~~~~~~~~~~~~^^^^^^^^^^^^^^^^^^^^
  File "c:\Users\ryo\Documents\Domination BOT\.venv\Lib\site-packages\pyrogram\errors\rpc_error.py", line 91, in raise_it
    raise getattr(
    ...<5 lines>...
      is_signed=is_signed)
pyrogram.errors.exceptions.bad_request_400.UserNotParticipant: Telegram says: [400 USER_NOT_PARTICIPANT] - The user is not a member of this chat (caused by "channels.GetParticipant")
2025-09-07 21:57:25,990 - domination.uteis - ERROR - log_error:57 - Erro ao verificar admin no grupo -1001659176163: Telegram says: [400 USER_NOT_PARTICIPANT] - The user is not a member of this chat (caused by "channels.GetParticipant")
Traceback (most recent call last):
  File "C:\Users\ryo\Documents\Domination BOT\uteis.py", line 303, in check_admin_group
    chat_member = await client.get_chat_member(chat_id=chat_id, user_id=user_id)
                  ^^^^^^^^^^^^^^^^^^^^^^^^^^^^^^^^^^^^^^^^^^^^^^^^^^^^^^^^^^^^^^
  File "c:\Users\ryo\Documents\Domination BOT\.venv\Lib\site-packages\pyrogram\methods\chats\get_chat_member.py", line 80, in get_chat_member
    r = await self.invoke(
        ^^^^^^^^^^^^^^^^^^
    ...<4 lines>...
    )
    ^
  File "c:\Users\ryo\Documents\Domination BOT\.venv\Lib\site-packages\pyrogram\methods\advanced\invoke.py", line 79, in invoke
    r = await self.session.invoke(
        ^^^^^^^^^^^^^^^^^^^^^^^^^^
    ...<4 lines>...
    )
    ^
  File "c:\Users\ryo\Documents\Domination BOT\.venv\Lib\site-packages\pyrogram\session\session.py", line 389, in invoke
    return await self.send(query, timeout=timeout)
           ^^^^^^^^^^^^^^^^^^^^^^^^^^^^^^^^^^^^^^^
  File "c:\Users\ryo\Documents\Domination BOT\.venv\Lib\site-packages\pyrogram\session\session.py", line 357, in send
    RPCError.raise_it(result, type(data))
    ~~~~~~~~~~~~~~~~~^^^^^^^^^^^^^^^^^^^^
  File "c:\Users\ryo\Documents\Domination BOT\.venv\Lib\site-packages\pyrogram\errors\rpc_error.py", line 91, in raise_it
    raise getattr(
    ...<5 lines>...
      is_signed=is_signed)
pyrogram.errors.exceptions.bad_request_400.UserNotParticipant: Telegram says: [400 USER_NOT_PARTICIPANT] - The user is not a member of this chat (caused by "channels.GetParticipant")
2025-09-07 21:57:45,357 - domination.uteis - ERROR - log_error:57 - Erro ao verificar admin no grupo -1001659176163: Telegram says: [400 USER_NOT_PARTICIPANT] - The user is not a member of this chat (caused by "channels.GetParticipant")
Traceback (most recent call last):
  File "C:\Users\ryo\Documents\Domination BOT\uteis.py", line 303, in check_admin_group
    chat_member = await client.get_chat_member(chat_id=chat_id, user_id=user_id)
                  ^^^^^^^^^^^^^^^^^^^^^^^^^^^^^^^^^^^^^^^^^^^^^^^^^^^^^^^^^^^^^^
  File "c:\Users\ryo\Documents\Domination BOT\.venv\Lib\site-packages\pyrogram\methods\chats\get_chat_member.py", line 80, in get_chat_member
    r = await self.invoke(
        ^^^^^^^^^^^^^^^^^^
    ...<4 lines>...
    )
    ^
  File "c:\Users\ryo\Documents\Domination BOT\.venv\Lib\site-packages\pyrogram\methods\advanced\invoke.py", line 79, in invoke
    r = await self.session.invoke(
        ^^^^^^^^^^^^^^^^^^^^^^^^^^
    ...<4 lines>...
    )
    ^
  File "c:\Users\ryo\Documents\Domination BOT\.venv\Lib\site-packages\pyrogram\session\session.py", line 389, in invoke
    return await self.send(query, timeout=timeout)
           ^^^^^^^^^^^^^^^^^^^^^^^^^^^^^^^^^^^^^^^
  File "c:\Users\ryo\Documents\Domination BOT\.venv\Lib\site-packages\pyrogram\session\session.py", line 357, in send
    RPCError.raise_it(result, type(data))
    ~~~~~~~~~~~~~~~~~^^^^^^^^^^^^^^^^^^^^
  File "c:\Users\ryo\Documents\Domination BOT\.venv\Lib\site-packages\pyrogram\errors\rpc_error.py", line 91, in raise_it
    raise getattr(
    ...<5 lines>...
      is_signed=is_signed)
pyrogram.errors.exceptions.bad_request_400.UserNotParticipant: Telegram says: [400 USER_NOT_PARTICIPANT] - The user is not a member of this chat (caused by "channels.GetParticipant")
2025-09-07 21:57:48,832 - domination.uteis - ERROR - log_error:57 - Erro ao verificar admin no grupo -1001659176163: Telegram says: [400 USER_NOT_PARTICIPANT] - The user is not a member of this chat (caused by "channels.GetParticipant")
Traceback (most recent call last):
  File "C:\Users\ryo\Documents\Domination BOT\uteis.py", line 303, in check_admin_group
    chat_member = await client.get_chat_member(chat_id=chat_id, user_id=user_id)
                  ^^^^^^^^^^^^^^^^^^^^^^^^^^^^^^^^^^^^^^^^^^^^^^^^^^^^^^^^^^^^^^
  File "c:\Users\ryo\Documents\Domination BOT\.venv\Lib\site-packages\pyrogram\methods\chats\get_chat_member.py", line 80, in get_chat_member
    r = await self.invoke(
        ^^^^^^^^^^^^^^^^^^
    ...<4 lines>...
    )
    ^
  File "c:\Users\ryo\Documents\Domination BOT\.venv\Lib\site-packages\pyrogram\methods\advanced\invoke.py", line 79, in invoke
    r = await self.session.invoke(
        ^^^^^^^^^^^^^^^^^^^^^^^^^^
    ...<4 lines>...
    )
    ^
  File "c:\Users\ryo\Documents\Domination BOT\.venv\Lib\site-packages\pyrogram\session\session.py", line 389, in invoke
    return await self.send(query, timeout=timeout)
           ^^^^^^^^^^^^^^^^^^^^^^^^^^^^^^^^^^^^^^^
  File "c:\Users\ryo\Documents\Domination BOT\.venv\Lib\site-packages\pyrogram\session\session.py", line 357, in send
    RPCError.raise_it(result, type(data))
    ~~~~~~~~~~~~~~~~~^^^^^^^^^^^^^^^^^^^^
  File "c:\Users\ryo\Documents\Domination BOT\.venv\Lib\site-packages\pyrogram\errors\rpc_error.py", line 91, in raise_it
    raise getattr(
    ...<5 lines>...
      is_signed=is_signed)
pyrogram.errors.exceptions.bad_request_400.UserNotParticipant: Telegram says: [400 USER_NOT_PARTICIPANT] - The user is not a member of this chat (caused by "channels.GetParticipant")
2025-09-07 21:57:51,774 - domination.uteis - ERROR - log_error:57 - Erro ao verificar admin no grupo -1001659176163: Telegram says: [400 USER_NOT_PARTICIPANT] - The user is not a member of this chat (caused by "channels.GetParticipant")
Traceback (most recent call last):
  File "C:\Users\ryo\Documents\Domination BOT\uteis.py", line 303, in check_admin_group
    chat_member = await client.get_chat_member(chat_id=chat_id, user_id=user_id)
                  ^^^^^^^^^^^^^^^^^^^^^^^^^^^^^^^^^^^^^^^^^^^^^^^^^^^^^^^^^^^^^^
  File "c:\Users\ryo\Documents\Domination BOT\.venv\Lib\site-packages\pyrogram\methods\chats\get_chat_member.py", line 80, in get_chat_member
    r = await self.invoke(
        ^^^^^^^^^^^^^^^^^^
    ...<4 lines>...
    )
    ^
  File "c:\Users\ryo\Documents\Domination BOT\.venv\Lib\site-packages\pyrogram\methods\advanced\invoke.py", line 79, in invoke
    r = await self.session.invoke(
        ^^^^^^^^^^^^^^^^^^^^^^^^^^
    ...<4 lines>...
    )
    ^
  File "c:\Users\ryo\Documents\Domination BOT\.venv\Lib\site-packages\pyrogram\session\session.py", line 389, in invoke
    return await self.send(query, timeout=timeout)
           ^^^^^^^^^^^^^^^^^^^^^^^^^^^^^^^^^^^^^^^
  File "c:\Users\ryo\Documents\Domination BOT\.venv\Lib\site-packages\pyrogram\session\session.py", line 357, in send
    RPCError.raise_it(result, type(data))
    ~~~~~~~~~~~~~~~~~^^^^^^^^^^^^^^^^^^^^
  File "c:\Users\ryo\Documents\Domination BOT\.venv\Lib\site-packages\pyrogram\errors\rpc_error.py", line 91, in raise_it
    raise getattr(
    ...<5 lines>...
      is_signed=is_signed)
pyrogram.errors.exceptions.bad_request_400.UserNotParticipant: Telegram says: [400 USER_NOT_PARTICIPANT] - The user is not a member of this chat (caused by "channels.GetParticipant")
2025-09-07 21:58:05,810 - domination.uteis - ERROR - log_error:57 - Erro ao verificar admin no grupo -1001659176163: Telegram says: [400 USER_NOT_PARTICIPANT] - The user is not a member of this chat (caused by "channels.GetParticipant")
Traceback (most recent call last):
  File "C:\Users\ryo\Documents\Domination BOT\uteis.py", line 303, in check_admin_group
    chat_member = await client.get_chat_member(chat_id=chat_id, user_id=user_id)
                  ^^^^^^^^^^^^^^^^^^^^^^^^^^^^^^^^^^^^^^^^^^^^^^^^^^^^^^^^^^^^^^
  File "c:\Users\ryo\Documents\Domination BOT\.venv\Lib\site-packages\pyrogram\methods\chats\get_chat_member.py", line 80, in get_chat_member
    r = await self.invoke(
        ^^^^^^^^^^^^^^^^^^
    ...<4 lines>...
    )
    ^
  File "c:\Users\ryo\Documents\Domination BOT\.venv\Lib\site-packages\pyrogram\methods\advanced\invoke.py", line 79, in invoke
    r = await self.session.invoke(
        ^^^^^^^^^^^^^^^^^^^^^^^^^^
    ...<4 lines>...
    )
    ^
  File "c:\Users\ryo\Documents\Domination BOT\.venv\Lib\site-packages\pyrogram\session\session.py", line 389, in invoke
    return await self.send(query, timeout=timeout)
           ^^^^^^^^^^^^^^^^^^^^^^^^^^^^^^^^^^^^^^^
  File "c:\Users\ryo\Documents\Domination BOT\.venv\Lib\site-packages\pyrogram\session\session.py", line 357, in send
    RPCError.raise_it(result, type(data))
    ~~~~~~~~~~~~~~~~~^^^^^^^^^^^^^^^^^^^^
  File "c:\Users\ryo\Documents\Domination BOT\.venv\Lib\site-packages\pyrogram\errors\rpc_error.py", line 91, in raise_it
    raise getattr(
    ...<5 lines>...
      is_signed=is_signed)
pyrogram.errors.exceptions.bad_request_400.UserNotParticipant: Telegram says: [400 USER_NOT_PARTICIPANT] - The user is not a member of this chat (caused by "channels.GetParticipant")
2025-09-07 21:58:18,970 - domination.uteis - ERROR - log_error:57 - Erro ao verificar admin no grupo -1001659176163: Telegram says: [400 USER_NOT_PARTICIPANT] - The user is not a member of this chat (caused by "channels.GetParticipant")
Traceback (most recent call last):
  File "C:\Users\ryo\Documents\Domination BOT\uteis.py", line 303, in check_admin_group
    chat_member = await client.get_chat_member(chat_id=chat_id, user_id=user_id)
                  ^^^^^^^^^^^^^^^^^^^^^^^^^^^^^^^^^^^^^^^^^^^^^^^^^^^^^^^^^^^^^^
  File "c:\Users\ryo\Documents\Domination BOT\.venv\Lib\site-packages\pyrogram\methods\chats\get_chat_member.py", line 80, in get_chat_member
    r = await self.invoke(
        ^^^^^^^^^^^^^^^^^^
    ...<4 lines>...
    )
    ^
  File "c:\Users\ryo\Documents\Domination BOT\.venv\Lib\site-packages\pyrogram\methods\advanced\invoke.py", line 79, in invoke
    r = await self.session.invoke(
        ^^^^^^^^^^^^^^^^^^^^^^^^^^
    ...<4 lines>...
    )
    ^
  File "c:\Users\ryo\Documents\Domination BOT\.venv\Lib\site-packages\pyrogram\session\session.py", line 389, in invoke
    return await self.send(query, timeout=timeout)
           ^^^^^^^^^^^^^^^^^^^^^^^^^^^^^^^^^^^^^^^
  File "c:\Users\ryo\Documents\Domination BOT\.venv\Lib\site-packages\pyrogram\session\session.py", line 357, in send
    RPCError.raise_it(result, type(data))
    ~~~~~~~~~~~~~~~~~^^^^^^^^^^^^^^^^^^^^
  File "c:\Users\ryo\Documents\Domination BOT\.venv\Lib\site-packages\pyrogram\errors\rpc_error.py", line 91, in raise_it
    raise getattr(
    ...<5 lines>...
      is_signed=is_signed)
pyrogram.errors.exceptions.bad_request_400.UserNotParticipant: Telegram says: [400 USER_NOT_PARTICIPANT] - The user is not a member of this chat (caused by "channels.GetParticipant")
2025-09-07 21:58:29,642 - domination.uteis - ERROR - log_error:57 - Erro ao verificar admin no grupo -1001659176163: Telegram says: [400 USER_NOT_PARTICIPANT] - The user is not a member of this chat (caused by "channels.GetParticipant")
Traceback (most recent call last):
  File "C:\Users\ryo\Documents\Domination BOT\uteis.py", line 303, in check_admin_group
    chat_member = await client.get_chat_member(chat_id=chat_id, user_id=user_id)
                  ^^^^^^^^^^^^^^^^^^^^^^^^^^^^^^^^^^^^^^^^^^^^^^^^^^^^^^^^^^^^^^
  File "c:\Users\ryo\Documents\Domination BOT\.venv\Lib\site-packages\pyrogram\methods\chats\get_chat_member.py", line 80, in get_chat_member
    r = await self.invoke(
        ^^^^^^^^^^^^^^^^^^
    ...<4 lines>...
    )
    ^
  File "c:\Users\ryo\Documents\Domination BOT\.venv\Lib\site-packages\pyrogram\methods\advanced\invoke.py", line 79, in invoke
    r = await self.session.invoke(
        ^^^^^^^^^^^^^^^^^^^^^^^^^^
    ...<4 lines>...
    )
    ^
  File "c:\Users\ryo\Documents\Domination BOT\.venv\Lib\site-packages\pyrogram\session\session.py", line 389, in invoke
    return await self.send(query, timeout=timeout)
           ^^^^^^^^^^^^^^^^^^^^^^^^^^^^^^^^^^^^^^^
  File "c:\Users\ryo\Documents\Domination BOT\.venv\Lib\site-packages\pyrogram\session\session.py", line 357, in send
    RPCError.raise_it(result, type(data))
    ~~~~~~~~~~~~~~~~~^^^^^^^^^^^^^^^^^^^^
  File "c:\Users\ryo\Documents\Domination BOT\.venv\Lib\site-packages\pyrogram\errors\rpc_error.py", line 91, in raise_it
    raise getattr(
    ...<5 lines>...
      is_signed=is_signed)
pyrogram.errors.exceptions.bad_request_400.UserNotParticipant: Telegram says: [400 USER_NOT_PARTICIPANT] - The user is not a member of this chat (caused by "channels.GetParticipant")
2025-09-07 21:58:31,679 - domination.uteis - ERROR - log_error:57 - Erro ao verificar admin no grupo -1001659176163: Telegram says: [400 USER_NOT_PARTICIPANT] - The user is not a member of this chat (caused by "channels.GetParticipant")
Traceback (most recent call last):
  File "C:\Users\ryo\Documents\Domination BOT\uteis.py", line 303, in check_admin_group
    chat_member = await client.get_chat_member(chat_id=chat_id, user_id=user_id)
                  ^^^^^^^^^^^^^^^^^^^^^^^^^^^^^^^^^^^^^^^^^^^^^^^^^^^^^^^^^^^^^^
  File "c:\Users\ryo\Documents\Domination BOT\.venv\Lib\site-packages\pyrogram\methods\chats\get_chat_member.py", line 80, in get_chat_member
    r = await self.invoke(
        ^^^^^^^^^^^^^^^^^^
    ...<4 lines>...
    )
    ^
  File "c:\Users\ryo\Documents\Domination BOT\.venv\Lib\site-packages\pyrogram\methods\advanced\invoke.py", line 79, in invoke
    r = await self.session.invoke(
        ^^^^^^^^^^^^^^^^^^^^^^^^^^
    ...<4 lines>...
    )
    ^
  File "c:\Users\ryo\Documents\Domination BOT\.venv\Lib\site-packages\pyrogram\session\session.py", line 389, in invoke
    return await self.send(query, timeout=timeout)
           ^^^^^^^^^^^^^^^^^^^^^^^^^^^^^^^^^^^^^^^
  File "c:\Users\ryo\Documents\Domination BOT\.venv\Lib\site-packages\pyrogram\session\session.py", line 357, in send
    RPCError.raise_it(result, type(data))
    ~~~~~~~~~~~~~~~~~^^^^^^^^^^^^^^^^^^^^
  File "c:\Users\ryo\Documents\Domination BOT\.venv\Lib\site-packages\pyrogram\errors\rpc_error.py", line 91, in raise_it
    raise getattr(
    ...<5 lines>...
      is_signed=is_signed)
pyrogram.errors.exceptions.bad_request_400.UserNotParticipant: Telegram says: [400 USER_NOT_PARTICIPANT] - The user is not a member of this chat (caused by "channels.GetParticipant")
2025-09-07 21:58:49,054 - domination.lang_utils - ERROR - log_error:57 - Erro ao obter Idioma do chat -1001956089456: Method 'close()' can't be called here; method '_connection_for_bind()' is already in progress and this would cause an unexpected state change to <SessionTransactionState.CLOSED: 5> (Background on this error at: https://sqlalche.me/e/20/isce)
Traceback (most recent call last):
  File "C:\Users\ryo\Documents\Domination BOT\domination\plugins\lang_utils.py", line 20, in obter_Idioma_chat
    result = await session.execute(stmt)
             ^^^^^^^^^^^^^^^^^^^^^^^^^^^
  File "c:\Users\ryo\Documents\Domination BOT\.venv\Lib\site-packages\sqlalchemy\ext\asyncio\session.py", line 463, in execute
    result = await greenlet_spawn(
             ^^^^^^^^^^^^^^^^^^^^^
    ...<6 lines>...
    )
    ^
  File "c:\Users\ryo\Documents\Domination BOT\.venv\Lib\site-packages\sqlalchemy\util\_concurrency_py3k.py", line 190, in greenlet_spawn
    result = context.switch(*args, **kwargs)
  File "c:\Users\ryo\Documents\Domination BOT\.venv\Lib\site-packages\sqlalchemy\orm\session.py", line 2365, in execute
    return self._execute_internal(
           ~~~~~~~~~~~~~~~~~~~~~~^
        statement,
        ^^^^^^^^^^
    ...<4 lines>...
        _add_event=_add_event,
        ^^^^^^^^^^^^^^^^^^^^^^
    )
    ^
  File "c:\Users\ryo\Documents\Domination BOT\.venv\Lib\site-packages\sqlalchemy\orm\session.py", line 2241, in _execute_internal
    conn = self._connection_for_bind(bind)
  File "c:\Users\ryo\Documents\Domination BOT\.venv\Lib\site-packages\sqlalchemy\orm\session.py", line 2110, in _connection_for_bind
    return trans._connection_for_bind(engine, execution_options)
           ~~~~~~~~~~~~~~~~~~~~~~~~~~^^^^^^^^^^^^^^^^^^^^^^^^^^^
  File "<string>", line 2, in _connection_for_bind
  File "c:\Users\ryo\Documents\Domination BOT\.venv\Lib\site-packages\sqlalchemy\orm\state_changes.py", line 101, in _go
    self._raise_for_prerequisite_state(fn.__name__, current_state)
    ~~~~~~~~~~~~~~~~~~~~~~~~~~~~~~~~~~^^^^^^^^^^^^^^^^^^^^^^^^^^^^
  File "c:\Users\ryo\Documents\Domination BOT\.venv\Lib\site-packages\sqlalchemy\orm\session.py", line 990, in _raise_for_prerequisite_state
    raise sa_exc.InvalidRequestError(
    ...<3 lines>...
    )
sqlalchemy.exc.InvalidRequestError: This session is provisioning a new connection; concurrent operations are not permitted (Background on this error at: https://sqlalche.me/e/20/isce)

During handling of the above exception, another exception occurred:

Traceback (most recent call last):
  File "C:\Users\ryo\Documents\Domination BOT\domination\plugins\lang_utils.py", line 18, in obter_Idioma_chat
    async with await client.get_reusable_session() as session:
               ^^^^^^^^^^^^^^^^^^^^^^^^^^^^^^^^^^^
  File "c:\Users\ryo\Documents\Domination BOT\.venv\Lib\site-packages\sqlalchemy\ext\asyncio\session.py", line 1085, in __aexit__
    await asyncio.shield(task)
  File "c:\Users\ryo\Documents\Domination BOT\.venv\Lib\site-packages\sqlalchemy\ext\asyncio\session.py", line 1030, in close
    await greenlet_spawn(self.sync_session.close)
  File "c:\Users\ryo\Documents\Domination BOT\.venv\Lib\site-packages\sqlalchemy\util\_concurrency_py3k.py", line 190, in greenlet_spawn
    result = context.switch(*args, **kwargs)
  File "c:\Users\ryo\Documents\Domination BOT\.venv\Lib\site-packages\sqlalchemy\orm\session.py", line 2521, in close
    self._close_impl(invalidate=False)
    ~~~~~~~~~~~~~~~~^^^^^^^^^^^^^^^^^^
  File "c:\Users\ryo\Documents\Domination BOT\.venv\Lib\site-packages\sqlalchemy\orm\session.py", line 2590, in _close_impl
    transaction.close(invalidate)
    ~~~~~~~~~~~~~~~~~^^^^^^^^^^^^
  File "<string>", line 2, in close
  File "c:\Users\ryo\Documents\Domination BOT\.venv\Lib\site-packages\sqlalchemy\orm\state_changes.py", line 119, in _go
    raise sa_exc.IllegalStateChangeError(
    ...<5 lines>...
    )
sqlalchemy.exc.IllegalStateChangeError: Method 'close()' can't be called here; method '_connection_for_bind()' is already in progress and this would cause an unexpected state change to <SessionTransactionState.CLOSED: 5> (Background on this error at: https://sqlalche.me/e/20/isce)
2025-09-07 21:58:49,250 - domination.uteis - ERROR - log_error:57 - Erro ao verificar admin no grupo -1001659176163: Telegram says: [400 USER_NOT_PARTICIPANT] - The user is not a member of this chat (caused by "channels.GetParticipant")
Traceback (most recent call last):
  File "C:\Users\ryo\Documents\Domination BOT\uteis.py", line 303, in check_admin_group
    chat_member = await client.get_chat_member(chat_id=chat_id, user_id=user_id)
                  ^^^^^^^^^^^^^^^^^^^^^^^^^^^^^^^^^^^^^^^^^^^^^^^^^^^^^^^^^^^^^^
  File "c:\Users\ryo\Documents\Domination BOT\.venv\Lib\site-packages\pyrogram\methods\chats\get_chat_member.py", line 80, in get_chat_member
    r = await self.invoke(
        ^^^^^^^^^^^^^^^^^^
    ...<4 lines>...
    )
    ^
  File "c:\Users\ryo\Documents\Domination BOT\.venv\Lib\site-packages\pyrogram\methods\advanced\invoke.py", line 79, in invoke
    r = await self.session.invoke(
        ^^^^^^^^^^^^^^^^^^^^^^^^^^
    ...<4 lines>...
    )
    ^
  File "c:\Users\ryo\Documents\Domination BOT\.venv\Lib\site-packages\pyrogram\session\session.py", line 389, in invoke
    return await self.send(query, timeout=timeout)
           ^^^^^^^^^^^^^^^^^^^^^^^^^^^^^^^^^^^^^^^
  File "c:\Users\ryo\Documents\Domination BOT\.venv\Lib\site-packages\pyrogram\session\session.py", line 357, in send
    RPCError.raise_it(result, type(data))
    ~~~~~~~~~~~~~~~~~^^^^^^^^^^^^^^^^^^^^
  File "c:\Users\ryo\Documents\Domination BOT\.venv\Lib\site-packages\pyrogram\errors\rpc_error.py", line 91, in raise_it
    raise getattr(
    ...<5 lines>...
      is_signed=is_signed)
pyrogram.errors.exceptions.bad_request_400.UserNotParticipant: Telegram says: [400 USER_NOT_PARTICIPANT] - The user is not a member of this chat (caused by "channels.GetParticipant")
2025-09-07 21:58:50,278 - domination.uteis - ERROR - log_error:57 - Erro ao verificar admin no grupo -1001659176163: Telegram says: [400 USER_NOT_PARTICIPANT] - The user is not a member of this chat (caused by "channels.GetParticipant")
Traceback (most recent call last):
  File "C:\Users\ryo\Documents\Domination BOT\uteis.py", line 303, in check_admin_group
    chat_member = await client.get_chat_member(chat_id=chat_id, user_id=user_id)
                  ^^^^^^^^^^^^^^^^^^^^^^^^^^^^^^^^^^^^^^^^^^^^^^^^^^^^^^^^^^^^^^
  File "c:\Users\ryo\Documents\Domination BOT\.venv\Lib\site-packages\pyrogram\methods\chats\get_chat_member.py", line 80, in get_chat_member
    r = await self.invoke(
        ^^^^^^^^^^^^^^^^^^
    ...<4 lines>...
    )
    ^
  File "c:\Users\ryo\Documents\Domination BOT\.venv\Lib\site-packages\pyrogram\methods\advanced\invoke.py", line 79, in invoke
    r = await self.session.invoke(
        ^^^^^^^^^^^^^^^^^^^^^^^^^^
    ...<4 lines>...
    )
    ^
  File "c:\Users\ryo\Documents\Domination BOT\.venv\Lib\site-packages\pyrogram\session\session.py", line 389, in invoke
    return await self.send(query, timeout=timeout)
           ^^^^^^^^^^^^^^^^^^^^^^^^^^^^^^^^^^^^^^^
  File "c:\Users\ryo\Documents\Domination BOT\.venv\Lib\site-packages\pyrogram\session\session.py", line 357, in send
    RPCError.raise_it(result, type(data))
    ~~~~~~~~~~~~~~~~~^^^^^^^^^^^^^^^^^^^^
  File "c:\Users\ryo\Documents\Domination BOT\.venv\Lib\site-packages\pyrogram\errors\rpc_error.py", line 91, in raise_it
    raise getattr(
    ...<5 lines>...
      is_signed=is_signed)
pyrogram.errors.exceptions.bad_request_400.UserNotParticipant: Telegram says: [400 USER_NOT_PARTICIPANT] - The user is not a member of this chat (caused by "channels.GetParticipant")
2025-09-07 21:58:50,422 - domination.uteis - ERROR - log_error:57 - Erro ao verificar admin no grupo -1001659176163: Telegram says: [400 USER_NOT_PARTICIPANT] - The user is not a member of this chat (caused by "channels.GetParticipant")
Traceback (most recent call last):
  File "C:\Users\ryo\Documents\Domination BOT\uteis.py", line 303, in check_admin_group
    chat_member = await client.get_chat_member(chat_id=chat_id, user_id=user_id)
                  ^^^^^^^^^^^^^^^^^^^^^^^^^^^^^^^^^^^^^^^^^^^^^^^^^^^^^^^^^^^^^^
  File "c:\Users\ryo\Documents\Domination BOT\.venv\Lib\site-packages\pyrogram\methods\chats\get_chat_member.py", line 80, in get_chat_member
    r = await self.invoke(
        ^^^^^^^^^^^^^^^^^^
    ...<4 lines>...
    )
    ^
  File "c:\Users\ryo\Documents\Domination BOT\.venv\Lib\site-packages\pyrogram\methods\advanced\invoke.py", line 79, in invoke
    r = await self.session.invoke(
        ^^^^^^^^^^^^^^^^^^^^^^^^^^
    ...<4 lines>...
    )
    ^
  File "c:\Users\ryo\Documents\Domination BOT\.venv\Lib\site-packages\pyrogram\session\session.py", line 389, in invoke
    return await self.send(query, timeout=timeout)
           ^^^^^^^^^^^^^^^^^^^^^^^^^^^^^^^^^^^^^^^
  File "c:\Users\ryo\Documents\Domination BOT\.venv\Lib\site-packages\pyrogram\session\session.py", line 357, in send
    RPCError.raise_it(result, type(data))
    ~~~~~~~~~~~~~~~~~^^^^^^^^^^^^^^^^^^^^
  File "c:\Users\ryo\Documents\Domination BOT\.venv\Lib\site-packages\pyrogram\errors\rpc_error.py", line 91, in raise_it
    raise getattr(
    ...<5 lines>...
      is_signed=is_signed)
pyrogram.errors.exceptions.bad_request_400.UserNotParticipant: Telegram says: [400 USER_NOT_PARTICIPANT] - The user is not a member of this chat (caused by "channels.GetParticipant")
2025-09-07 21:59:09,012 - domination.uteis - ERROR - log_error:57 - Erro ao verificar admin no grupo -1001659176163: Telegram says: [400 USER_NOT_PARTICIPANT] - The user is not a member of this chat (caused by "channels.GetParticipant")
Traceback (most recent call last):
  File "C:\Users\ryo\Documents\Domination BOT\uteis.py", line 303, in check_admin_group
    chat_member = await client.get_chat_member(chat_id=chat_id, user_id=user_id)
                  ^^^^^^^^^^^^^^^^^^^^^^^^^^^^^^^^^^^^^^^^^^^^^^^^^^^^^^^^^^^^^^
  File "c:\Users\ryo\Documents\Domination BOT\.venv\Lib\site-packages\pyrogram\methods\chats\get_chat_member.py", line 80, in get_chat_member
    r = await self.invoke(
        ^^^^^^^^^^^^^^^^^^
    ...<4 lines>...
    )
    ^
  File "c:\Users\ryo\Documents\Domination BOT\.venv\Lib\site-packages\pyrogram\methods\advanced\invoke.py", line 79, in invoke
    r = await self.session.invoke(
        ^^^^^^^^^^^^^^^^^^^^^^^^^^
    ...<4 lines>...
    )
    ^
  File "c:\Users\ryo\Documents\Domination BOT\.venv\Lib\site-packages\pyrogram\session\session.py", line 389, in invoke
    return await self.send(query, timeout=timeout)
           ^^^^^^^^^^^^^^^^^^^^^^^^^^^^^^^^^^^^^^^
  File "c:\Users\ryo\Documents\Domination BOT\.venv\Lib\site-packages\pyrogram\session\session.py", line 357, in send
    RPCError.raise_it(result, type(data))
    ~~~~~~~~~~~~~~~~~^^^^^^^^^^^^^^^^^^^^
  File "c:\Users\ryo\Documents\Domination BOT\.venv\Lib\site-packages\pyrogram\errors\rpc_error.py", line 91, in raise_it
    raise getattr(
    ...<5 lines>...
      is_signed=is_signed)
pyrogram.errors.exceptions.bad_request_400.UserNotParticipant: Telegram says: [400 USER_NOT_PARTICIPANT] - The user is not a member of this chat (caused by "channels.GetParticipant")
2025-09-07 21:59:33,041 - domination.uteis - ERROR - log_error:57 - Erro ao verificar admin no grupo -1001659176163: Telegram says: [400 USER_NOT_PARTICIPANT] - The user is not a member of this chat (caused by "channels.GetParticipant")
Traceback (most recent call last):
  File "C:\Users\ryo\Documents\Domination BOT\uteis.py", line 303, in check_admin_group
    chat_member = await client.get_chat_member(chat_id=chat_id, user_id=user_id)
                  ^^^^^^^^^^^^^^^^^^^^^^^^^^^^^^^^^^^^^^^^^^^^^^^^^^^^^^^^^^^^^^
  File "c:\Users\ryo\Documents\Domination BOT\.venv\Lib\site-packages\pyrogram\methods\chats\get_chat_member.py", line 80, in get_chat_member
    r = await self.invoke(
        ^^^^^^^^^^^^^^^^^^
    ...<4 lines>...
    )
    ^
  File "c:\Users\ryo\Documents\Domination BOT\.venv\Lib\site-packages\pyrogram\methods\advanced\invoke.py", line 79, in invoke
    r = await self.session.invoke(
        ^^^^^^^^^^^^^^^^^^^^^^^^^^
    ...<4 lines>...
    )
    ^
  File "c:\Users\ryo\Documents\Domination BOT\.venv\Lib\site-packages\pyrogram\session\session.py", line 389, in invoke
    return await self.send(query, timeout=timeout)
           ^^^^^^^^^^^^^^^^^^^^^^^^^^^^^^^^^^^^^^^
  File "c:\Users\ryo\Documents\Domination BOT\.venv\Lib\site-packages\pyrogram\session\session.py", line 357, in send
    RPCError.raise_it(result, type(data))
    ~~~~~~~~~~~~~~~~~^^^^^^^^^^^^^^^^^^^^
  File "c:\Users\ryo\Documents\Domination BOT\.venv\Lib\site-packages\pyrogram\errors\rpc_error.py", line 91, in raise_it
    raise getattr(
    ...<5 lines>...
      is_signed=is_signed)
pyrogram.errors.exceptions.bad_request_400.UserNotParticipant: Telegram says: [400 USER_NOT_PARTICIPANT] - The user is not a member of this chat (caused by "channels.GetParticipant")
2025-09-07 21:59:33,071 - domination.lang_utils - ERROR - log_error:57 - Erro ao obter Idioma do chat -1001956089456: (sqlalchemy.dialects.postgresql.asyncpg.InterfaceError) <class 'asyncpg.exceptions._base.InterfaceError'>: cannot perform operation: another operation is in progress
(Background on this error at: https://sqlalche.me/e/20/rvf5)
Traceback (most recent call last):
  File "c:\Users\ryo\Documents\Domination BOT\.venv\Lib\site-packages\sqlalchemy\dialects\postgresql\asyncpg.py", line 876, in rollback
    self.await_(self._rollback_and_discard())
    ~~~~~~~~~~~^^^^^^^^^^^^^^^^^^^^^^^^^^^^^^
  File "c:\Users\ryo\Documents\Domination BOT\.venv\Lib\site-packages\sqlalchemy\util\_concurrency_py3k.py", line 132, in await_only
    return current.parent.switch(awaitable)  # type: ignore[no-any-return,attr-defined] # noqa: E501
           ~~~~~~~~~~~~~~~~~~~~~^^^^^^^^^^^
  File "c:\Users\ryo\Documents\Domination BOT\.venv\Lib\site-packages\sqlalchemy\util\_concurrency_py3k.py", line 196, in greenlet_spawn
    value = await result
            ^^^^^^^^^^^^
  File "c:\Users\ryo\Documents\Domination BOT\.venv\Lib\site-packages\sqlalchemy\dialects\postgresql\asyncpg.py", line 857, in _rollback_and_discard
    await self._transaction.rollback()
  File "c:\Users\ryo\Documents\Domination BOT\.venv\Lib\site-packages\asyncpg\transaction.py", line 227, in rollback
    await self.__rollback()
  File "c:\Users\ryo\Documents\Domination BOT\.venv\Lib\site-packages\asyncpg\transaction.py", line 206, in __rollback
    await self._connection.execute(query)
  File "c:\Users\ryo\Documents\Domination BOT\.venv\Lib\site-packages\asyncpg\connection.py", line 349, in execute
    result = await self._protocol.query(query, timeout)
             ^^^^^^^^^^^^^^^^^^^^^^^^^^^^^^^^^^^^^^^^^^
  File "asyncpg\\protocol\\protocol.pyx", line 360, in query
  File "asyncpg\\protocol\\protocol.pyx", line 745, in asyncpg.protocol.protocol.BaseProtocol._check_state
asyncpg.exceptions._base.InterfaceError: cannot perform operation: another operation is in progress

The above exception was the direct cause of the following exception:

Traceback (most recent call last):
  File "c:\Users\ryo\Documents\Domination BOT\.venv\Lib\site-packages\sqlalchemy\engine\base.py", line 1128, in _rollback_impl
    self.engine.dialect.do_rollback(self.connection)
    ~~~~~~~~~~~~~~~~~~~~~~~~~~~~~~~^^^^^^^^^^^^^^^^^
  File "c:\Users\ryo\Documents\Domination BOT\.venv\Lib\site-packages\sqlalchemy\engine\default.py", line 711, in do_rollback
    dbapi_connection.rollback()
    ~~~~~~~~~~~~~~~~~~~~~~~~~^^
  File "c:\Users\ryo\Documents\Domination BOT\.venv\Lib\site-packages\sqlalchemy\dialects\postgresql\asyncpg.py", line 882, in rollback
    self._handle_exception(error)
    ~~~~~~~~~~~~~~~~~~~~~~^^^^^^^
  File "c:\Users\ryo\Documents\Domination BOT\.venv\Lib\site-packages\sqlalchemy\dialects\postgresql\asyncpg.py", line 792, in _handle_exception
    raise translated_error from error
sqlalchemy.dialects.postgresql.asyncpg.AsyncAdapt_asyncpg_dbapi.InterfaceError: <class 'asyncpg.exceptions._base.InterfaceError'>: cannot perform operation: another operation is in progress

The above exception was the direct cause of the following exception:

Traceback (most recent call last):
  File "C:\Users\ryo\Documents\Domination BOT\domination\plugins\lang_utils.py", line 18, in obter_Idioma_chat
    async with await client.get_reusable_session() as session:
               ^^^^^^^^^^^^^^^^^^^^^^^^^^^^^^^^^^^
  File "c:\Users\ryo\Documents\Domination BOT\.venv\Lib\site-packages\sqlalchemy\ext\asyncio\session.py", line 1085, in __aexit__
    await asyncio.shield(task)
  File "c:\Users\ryo\Documents\Domination BOT\.venv\Lib\site-packages\sqlalchemy\ext\asyncio\session.py", line 1030, in close
    await greenlet_spawn(self.sync_session.close)
  File "c:\Users\ryo\Documents\Domination BOT\.venv\Lib\site-packages\sqlalchemy\util\_concurrency_py3k.py", line 201, in greenlet_spawn
    result = context.throw(*sys.exc_info())
  File "c:\Users\ryo\Documents\Domination BOT\.venv\Lib\site-packages\sqlalchemy\orm\session.py", line 2521, in close
    self._close_impl(invalidate=False)
    ~~~~~~~~~~~~~~~~^^^^^^^^^^^^^^^^^^
  File "c:\Users\ryo\Documents\Domination BOT\.venv\Lib\site-packages\sqlalchemy\orm\session.py", line 2590, in _close_impl
    transaction.close(invalidate)
    ~~~~~~~~~~~~~~~~~^^^^^^^^^^^^
  File "<string>", line 2, in close
  File "c:\Users\ryo\Documents\Domination BOT\.venv\Lib\site-packages\sqlalchemy\orm\state_changes.py", line 137, in _go
    ret_value = fn(self, *arg, **kw)
  File "c:\Users\ryo\Documents\Domination BOT\.venv\Lib\site-packages\sqlalchemy\orm\session.py", line 1419, in close
    transaction.close()
    ~~~~~~~~~~~~~~~~~^^
  File "c:\Users\ryo\Documents\Domination BOT\.venv\Lib\site-packages\sqlalchemy\engine\base.py", line 2589, in close
    self._do_close()
    ~~~~~~~~~~~~~~^^
  File "c:\Users\ryo\Documents\Domination BOT\.venv\Lib\site-packages\sqlalchemy\engine\base.py", line 2727, in _do_close
    self._close_impl()
    ~~~~~~~~~~~~~~~~^^
  File "c:\Users\ryo\Documents\Domination BOT\.venv\Lib\site-packages\sqlalchemy\engine\base.py", line 2713, in _close_impl
    self._connection_rollback_impl()
    ~~~~~~~~~~~~~~~~~~~~~~~~~~~~~~^^
  File "c:\Users\ryo\Documents\Domination BOT\.venv\Lib\site-packages\sqlalchemy\engine\base.py", line 2705, in _connection_rollback_impl
    self.connection._rollback_impl()
    ~~~~~~~~~~~~~~~~~~~~~~~~~~~~~~^^
  File "c:\Users\ryo\Documents\Domination BOT\.venv\Lib\site-packages\sqlalchemy\engine\base.py", line 1130, in _rollback_impl
    self._handle_dbapi_exception(e, None, None, None, None)
    ~~~~~~~~~~~~~~~~~~~~~~~~~~~~^^^^^^^^^^^^^^^^^^^^^^^^^^^
  File "c:\Users\ryo\Documents\Domination BOT\.venv\Lib\site-packages\sqlalchemy\engine\base.py", line 2355, in _handle_dbapi_exception
    raise sqlalchemy_exception.with_traceback(exc_info[2]) from e
  File "c:\Users\ryo\Documents\Domination BOT\.venv\Lib\site-packages\sqlalchemy\engine\base.py", line 1128, in _rollback_impl
    self.engine.dialect.do_rollback(self.connection)
    ~~~~~~~~~~~~~~~~~~~~~~~~~~~~~~~^^^^^^^^^^^^^^^^^
  File "c:\Users\ryo\Documents\Domination BOT\.venv\Lib\site-packages\sqlalchemy\engine\default.py", line 711, in do_rollback
    dbapi_connection.rollback()
    ~~~~~~~~~~~~~~~~~~~~~~~~~^^
  File "c:\Users\ryo\Documents\Domination BOT\.venv\Lib\site-packages\sqlalchemy\dialects\postgresql\asyncpg.py", line 882, in rollback
    self._handle_exception(error)
    ~~~~~~~~~~~~~~~~~~~~~~^^^^^^^
  File "c:\Users\ryo\Documents\Domination BOT\.venv\Lib\site-packages\sqlalchemy\dialects\postgresql\asyncpg.py", line 792, in _handle_exception
    raise translated_error from error
sqlalchemy.exc.InterfaceError: (sqlalchemy.dialects.postgresql.asyncpg.InterfaceError) <class 'asyncpg.exceptions._base.InterfaceError'>: cannot perform operation: another operation is in progress
(Background on this error at: https://sqlalche.me/e/20/rvf5)
2025-09-07 21:59:53,675 - domination.uteis - ERROR - log_error:57 - Erro ao verificar admin no grupo -1001659176163: Telegram says: [400 USER_NOT_PARTICIPANT] - The user is not a member of this chat (caused by "channels.GetParticipant")
Traceback (most recent call last):
  File "C:\Users\ryo\Documents\Domination BOT\uteis.py", line 303, in check_admin_group
    chat_member = await client.get_chat_member(chat_id=chat_id, user_id=user_id)
                  ^^^^^^^^^^^^^^^^^^^^^^^^^^^^^^^^^^^^^^^^^^^^^^^^^^^^^^^^^^^^^^
  File "c:\Users\ryo\Documents\Domination BOT\.venv\Lib\site-packages\pyrogram\methods\chats\get_chat_member.py", line 80, in get_chat_member
    r = await self.invoke(
        ^^^^^^^^^^^^^^^^^^
    ...<4 lines>...
    )
    ^
  File "c:\Users\ryo\Documents\Domination BOT\.venv\Lib\site-packages\pyrogram\methods\advanced\invoke.py", line 79, in invoke
    r = await self.session.invoke(
        ^^^^^^^^^^^^^^^^^^^^^^^^^^
    ...<4 lines>...
    )
    ^
  File "c:\Users\ryo\Documents\Domination BOT\.venv\Lib\site-packages\pyrogram\session\session.py", line 389, in invoke
    return await self.send(query, timeout=timeout)
           ^^^^^^^^^^^^^^^^^^^^^^^^^^^^^^^^^^^^^^^
  File "c:\Users\ryo\Documents\Domination BOT\.venv\Lib\site-packages\pyrogram\session\session.py", line 357, in send
    RPCError.raise_it(result, type(data))
    ~~~~~~~~~~~~~~~~~^^^^^^^^^^^^^^^^^^^^
  File "c:\Users\ryo\Documents\Domination BOT\.venv\Lib\site-packages\pyrogram\errors\rpc_error.py", line 91, in raise_it
    raise getattr(
    ...<5 lines>...
      is_signed=is_signed)
pyrogram.errors.exceptions.bad_request_400.UserNotParticipant: Telegram says: [400 USER_NOT_PARTICIPANT] - The user is not a member of this chat (caused by "channels.GetParticipant")
2025-09-07 22:00:26,008 - domination.uteis - ERROR - log_error:57 - Erro ao verificar admin no grupo -1001659176163: Telegram says: [400 USER_NOT_PARTICIPANT] - The user is not a member of this chat (caused by "channels.GetParticipant")
Traceback (most recent call last):
  File "C:\Users\ryo\Documents\Domination BOT\uteis.py", line 303, in check_admin_group
    chat_member = await client.get_chat_member(chat_id=chat_id, user_id=user_id)
                  ^^^^^^^^^^^^^^^^^^^^^^^^^^^^^^^^^^^^^^^^^^^^^^^^^^^^^^^^^^^^^^
  File "c:\Users\ryo\Documents\Domination BOT\.venv\Lib\site-packages\pyrogram\methods\chats\get_chat_member.py", line 80, in get_chat_member
    r = await self.invoke(
        ^^^^^^^^^^^^^^^^^^
    ...<4 lines>...
    )
    ^
  File "c:\Users\ryo\Documents\Domination BOT\.venv\Lib\site-packages\pyrogram\methods\advanced\invoke.py", line 79, in invoke
    r = await self.session.invoke(
        ^^^^^^^^^^^^^^^^^^^^^^^^^^
    ...<4 lines>...
    )
    ^
  File "c:\Users\ryo\Documents\Domination BOT\.venv\Lib\site-packages\pyrogram\session\session.py", line 389, in invoke
    return await self.send(query, timeout=timeout)
           ^^^^^^^^^^^^^^^^^^^^^^^^^^^^^^^^^^^^^^^
  File "c:\Users\ryo\Documents\Domination BOT\.venv\Lib\site-packages\pyrogram\session\session.py", line 357, in send
    RPCError.raise_it(result, type(data))
    ~~~~~~~~~~~~~~~~~^^^^^^^^^^^^^^^^^^^^
  File "c:\Users\ryo\Documents\Domination BOT\.venv\Lib\site-packages\pyrogram\errors\rpc_error.py", line 91, in raise_it
    raise getattr(
    ...<5 lines>...
      is_signed=is_signed)
pyrogram.errors.exceptions.bad_request_400.UserNotParticipant: Telegram says: [400 USER_NOT_PARTICIPANT] - The user is not a member of this chat (caused by "channels.GetParticipant")
2025-09-07 22:00:33,732 - domination.uteis - ERROR - log_error:57 - Erro ao verificar admin no grupo -1001659176163: Telegram says: [400 USER_NOT_PARTICIPANT] - The user is not a member of this chat (caused by "channels.GetParticipant")
Traceback (most recent call last):
  File "C:\Users\ryo\Documents\Domination BOT\uteis.py", line 303, in check_admin_group
    chat_member = await client.get_chat_member(chat_id=chat_id, user_id=user_id)
                  ^^^^^^^^^^^^^^^^^^^^^^^^^^^^^^^^^^^^^^^^^^^^^^^^^^^^^^^^^^^^^^
  File "c:\Users\ryo\Documents\Domination BOT\.venv\Lib\site-packages\pyrogram\methods\chats\get_chat_member.py", line 80, in get_chat_member
    r = await self.invoke(
        ^^^^^^^^^^^^^^^^^^
    ...<4 lines>...
    )
    ^
  File "c:\Users\ryo\Documents\Domination BOT\.venv\Lib\site-packages\pyrogram\methods\advanced\invoke.py", line 79, in invoke
    r = await self.session.invoke(
        ^^^^^^^^^^^^^^^^^^^^^^^^^^
    ...<4 lines>...
    )
    ^
  File "c:\Users\ryo\Documents\Domination BOT\.venv\Lib\site-packages\pyrogram\session\session.py", line 389, in invoke
    return await self.send(query, timeout=timeout)
           ^^^^^^^^^^^^^^^^^^^^^^^^^^^^^^^^^^^^^^^
  File "c:\Users\ryo\Documents\Domination BOT\.venv\Lib\site-packages\pyrogram\session\session.py", line 357, in send
    RPCError.raise_it(result, type(data))
    ~~~~~~~~~~~~~~~~~^^^^^^^^^^^^^^^^^^^^
  File "c:\Users\ryo\Documents\Domination BOT\.venv\Lib\site-packages\pyrogram\errors\rpc_error.py", line 91, in raise_it
    raise getattr(
    ...<5 lines>...
      is_signed=is_signed)
pyrogram.errors.exceptions.bad_request_400.UserNotParticipant: Telegram says: [400 USER_NOT_PARTICIPANT] - The user is not a member of this chat (caused by "channels.GetParticipant")
2025-09-07 22:00:36,423 - domination.lang_utils - ERROR - log_error:57 - Erro ao obter Idioma do chat 6636308845: (sqlalchemy.dialects.postgresql.asyncpg.ProgrammingError) <class 'asyncpg.exceptions.UndefinedFunctionError'>: operator does not exist: bigint = character varying
HINT:  No operator matches the given name and argument types. You might need to add explicit type casts.
[SQL: SELECT chats_tg.id, chats_tg.id_grupo, chats_tg.name, chats_tg.configs, chats_tg.idioma, chats_tg.created_at, chats_tg.updated_at 
FROM chats_tg 
WHERE chats_tg.id_grupo = $1::VARCHAR]
[parameters: ('6636308845',)]
(Background on this error at: https://sqlalche.me/e/20/f405)
Traceback (most recent call last):
  File "c:\Users\ryo\Documents\Domination BOT\.venv\Lib\site-packages\sqlalchemy\dialects\postgresql\asyncpg.py", line 521, in _prepare_and_execute
    prepared_stmt, attributes = await adapt_connection._prepare(
                                ^^^^^^^^^^^^^^^^^^^^^^^^^^^^^^^^
        operation, self._invalidate_schema_cache_asof
        ^^^^^^^^^^^^^^^^^^^^^^^^^^^^^^^^^^^^^^^^^^^^^
    )
    ^
  File "c:\Users\ryo\Documents\Domination BOT\.venv\Lib\site-packages\sqlalchemy\dialects\postgresql\asyncpg.py", line 768, in _prepare
    prepared_stmt = await self._connection.prepare(
                    ^^^^^^^^^^^^^^^^^^^^^^^^^^^^^^^
        operation, name=self._prepared_statement_name_func()
        ^^^^^^^^^^^^^^^^^^^^^^^^^^^^^^^^^^^^^^^^^^^^^^^^^^^^
    )
    ^
  File "c:\Users\ryo\Documents\Domination BOT\.venv\Lib\site-packages\asyncpg\connection.py", line 635, in prepare
    return await self._prepare(
           ^^^^^^^^^^^^^^^^^^^^
    ...<5 lines>...
    )
    ^
  File "c:\Users\ryo\Documents\Domination BOT\.venv\Lib\site-packages\asyncpg\connection.py", line 653, in _prepare
    stmt = await self._get_statement(
           ^^^^^^^^^^^^^^^^^^^^^^^^^^
    ...<5 lines>...
    )
    ^
  File "c:\Users\ryo\Documents\Domination BOT\.venv\Lib\site-packages\asyncpg\connection.py", line 432, in _get_statement
    statement = await self._protocol.prepare(
                ^^^^^^^^^^^^^^^^^^^^^^^^^^^^^
    ...<5 lines>...
    )
    ^
  File "asyncpg\\protocol\\protocol.pyx", line 165, in prepare
asyncpg.exceptions.UndefinedFunctionError: operator does not exist: bigint = character varying
HINT:  No operator matches the given name and argument types. You might need to add explicit type casts.

The above exception was the direct cause of the following exception:

Traceback (most recent call last):
  File "c:\Users\ryo\Documents\Domination BOT\.venv\Lib\site-packages\sqlalchemy\engine\base.py", line 1967, in _exec_single_context
    self.dialect.do_execute(
    ~~~~~~~~~~~~~~~~~~~~~~~^
        cursor, str_statement, effective_parameters, context
        ^^^^^^^^^^^^^^^^^^^^^^^^^^^^^^^^^^^^^^^^^^^^^^^^^^^^
    )
    ^
  File "c:\Users\ryo\Documents\Domination BOT\.venv\Lib\site-packages\sqlalchemy\engine\default.py", line 951, in do_execute
    cursor.execute(statement, parameters)
    ~~~~~~~~~~~~~~^^^^^^^^^^^^^^^^^^^^^^^
  File "c:\Users\ryo\Documents\Domination BOT\.venv\Lib\site-packages\sqlalchemy\dialects\postgresql\asyncpg.py", line 580, in execute
    self._adapt_connection.await_(
    ~~~~~~~~~~~~~~~~~~~~~~~~~~~~~^
        self._prepare_and_execute(operation, parameters)
        ^^^^^^^^^^^^^^^^^^^^^^^^^^^^^^^^^^^^^^^^^^^^^^^^
    )
    ^
  File "c:\Users\ryo\Documents\Domination BOT\.venv\Lib\site-packages\sqlalchemy\util\_concurrency_py3k.py", line 132, in await_only
    return current.parent.switch(awaitable)  # type: ignore[no-any-return,attr-defined] # noqa: E501
           ~~~~~~~~~~~~~~~~~~~~~^^^^^^^^^^^
  File "c:\Users\ryo\Documents\Domination BOT\.venv\Lib\site-packages\sqlalchemy\util\_concurrency_py3k.py", line 196, in greenlet_spawn
    value = await result
            ^^^^^^^^^^^^
  File "c:\Users\ryo\Documents\Domination BOT\.venv\Lib\site-packages\sqlalchemy\dialects\postgresql\asyncpg.py", line 558, in _prepare_and_execute
    self._handle_exception(error)
    ~~~~~~~~~~~~~~~~~~~~~~^^^^^^^
  File "c:\Users\ryo\Documents\Domination BOT\.venv\Lib\site-packages\sqlalchemy\dialects\postgresql\asyncpg.py", line 508, in _handle_exception
    self._adapt_connection._handle_exception(error)
    ~~~~~~~~~~~~~~~~~~~~~~~~~~~~~~~~~~~~~~~~^^^^^^^
  File "c:\Users\ryo\Documents\Domination BOT\.venv\Lib\site-packages\sqlalchemy\dialects\postgresql\asyncpg.py", line 792, in _handle_exception
    raise translated_error from error
sqlalchemy.dialects.postgresql.asyncpg.AsyncAdapt_asyncpg_dbapi.ProgrammingError: <class 'asyncpg.exceptions.UndefinedFunctionError'>: operator does not exist: bigint = character varying
HINT:  No operator matches the given name and argument types. You might need to add explicit type casts.

The above exception was the direct cause of the following exception:

Traceback (most recent call last):
  File "C:\Users\ryo\Documents\Domination BOT\domination\plugins\lang_utils.py", line 20, in obter_Idioma_chat
    result = await session.execute(stmt)
             ^^^^^^^^^^^^^^^^^^^^^^^^^^^
  File "c:\Users\ryo\Documents\Domination BOT\.venv\Lib\site-packages\sqlalchemy\ext\asyncio\session.py", line 463, in execute
    result = await greenlet_spawn(
             ^^^^^^^^^^^^^^^^^^^^^
    ...<6 lines>...
    )
    ^
  File "c:\Users\ryo\Documents\Domination BOT\.venv\Lib\site-packages\sqlalchemy\util\_concurrency_py3k.py", line 201, in greenlet_spawn
    result = context.throw(*sys.exc_info())
  File "c:\Users\ryo\Documents\Domination BOT\.venv\Lib\site-packages\sqlalchemy\orm\session.py", line 2365, in execute
    return self._execute_internal(
           ~~~~~~~~~~~~~~~~~~~~~~^
        statement,
        ^^^^^^^^^^
    ...<4 lines>...
        _add_event=_add_event,
        ^^^^^^^^^^^^^^^^^^^^^^
    )
    ^
  File "c:\Users\ryo\Documents\Domination BOT\.venv\Lib\site-packages\sqlalchemy\orm\session.py", line 2251, in _execute_internal
    result: Result[Any] = compile_state_cls.orm_execute_statement(
                          ~~~~~~~~~~~~~~~~~~~~~~~~~~~~~~~~~~~~~~~^
        self,
        ^^^^^
    ...<4 lines>...
        conn,
        ^^^^^
    )
    ^
  File "c:\Users\ryo\Documents\Domination BOT\.venv\Lib\site-packages\sqlalchemy\orm\context.py", line 306, in orm_execute_statement
    result = conn.execute(
        statement, params or {}, execution_options=execution_options
    )
  File "c:\Users\ryo\Documents\Domination BOT\.venv\Lib\site-packages\sqlalchemy\engine\base.py", line 1419, in execute
    return meth(
        self,
        distilled_parameters,
        execution_options or NO_OPTIONS,
    )
  File "c:\Users\ryo\Documents\Domination BOT\.venv\Lib\site-packages\sqlalchemy\sql\elements.py", line 526, in _execute_on_connection
    return connection._execute_clauseelement(
           ~~~~~~~~~~~~~~~~~~~~~~~~~~~~~~~~~^
        self, distilled_params, execution_options
        ^^^^^^^^^^^^^^^^^^^^^^^^^^^^^^^^^^^^^^^^^
    )
    ^
  File "c:\Users\ryo\Documents\Domination BOT\.venv\Lib\site-packages\sqlalchemy\engine\base.py", line 1641, in _execute_clauseelement
    ret = self._execute_context(
        dialect,
    ...<8 lines>...
        cache_hit=cache_hit,
    )
  File "c:\Users\ryo\Documents\Domination BOT\.venv\Lib\site-packages\sqlalchemy\engine\base.py", line 1846, in _execute_context
    return self._exec_single_context(
           ~~~~~~~~~~~~~~~~~~~~~~~~~^
        dialect, context, statement, parameters
        ^^^^^^^^^^^^^^^^^^^^^^^^^^^^^^^^^^^^^^^
    )
    ^
  File "c:\Users\ryo\Documents\Domination BOT\.venv\Lib\site-packages\sqlalchemy\engine\base.py", line 1986, in _exec_single_context
    self._handle_dbapi_exception(
    ~~~~~~~~~~~~~~~~~~~~~~~~~~~~^
        e, str_statement, effective_parameters, cursor, context
        ^^^^^^^^^^^^^^^^^^^^^^^^^^^^^^^^^^^^^^^^^^^^^^^^^^^^^^^
    )
    ^
  File "c:\Users\ryo\Documents\Domination BOT\.venv\Lib\site-packages\sqlalchemy\engine\base.py", line 2355, in _handle_dbapi_exception
    raise sqlalchemy_exception.with_traceback(exc_info[2]) from e
  File "c:\Users\ryo\Documents\Domination BOT\.venv\Lib\site-packages\sqlalchemy\engine\base.py", line 1967, in _exec_single_context
    self.dialect.do_execute(
    ~~~~~~~~~~~~~~~~~~~~~~~^
        cursor, str_statement, effective_parameters, context
        ^^^^^^^^^^^^^^^^^^^^^^^^^^^^^^^^^^^^^^^^^^^^^^^^^^^^
    )
    ^
  File "c:\Users\ryo\Documents\Domination BOT\.venv\Lib\site-packages\sqlalchemy\engine\default.py", line 951, in do_execute
    cursor.execute(statement, parameters)
    ~~~~~~~~~~~~~~^^^^^^^^^^^^^^^^^^^^^^^
  File "c:\Users\ryo\Documents\Domination BOT\.venv\Lib\site-packages\sqlalchemy\dialects\postgresql\asyncpg.py", line 580, in execute
    self._adapt_connection.await_(
    ~~~~~~~~~~~~~~~~~~~~~~~~~~~~~^
        self._prepare_and_execute(operation, parameters)
        ^^^^^^^^^^^^^^^^^^^^^^^^^^^^^^^^^^^^^^^^^^^^^^^^
    )
    ^
  File "c:\Users\ryo\Documents\Domination BOT\.venv\Lib\site-packages\sqlalchemy\util\_concurrency_py3k.py", line 132, in await_only
    return current.parent.switch(awaitable)  # type: ignore[no-any-return,attr-defined] # noqa: E501
           ~~~~~~~~~~~~~~~~~~~~~^^^^^^^^^^^
  File "c:\Users\ryo\Documents\Domination BOT\.venv\Lib\site-packages\sqlalchemy\util\_concurrency_py3k.py", line 196, in greenlet_spawn
    value = await result
            ^^^^^^^^^^^^
  File "c:\Users\ryo\Documents\Domination BOT\.venv\Lib\site-packages\sqlalchemy\dialects\postgresql\asyncpg.py", line 558, in _prepare_and_execute
    self._handle_exception(error)
    ~~~~~~~~~~~~~~~~~~~~~~^^^^^^^
  File "c:\Users\ryo\Documents\Domination BOT\.venv\Lib\site-packages\sqlalchemy\dialects\postgresql\asyncpg.py", line 508, in _handle_exception
    self._adapt_connection._handle_exception(error)
    ~~~~~~~~~~~~~~~~~~~~~~~~~~~~~~~~~~~~~~~~^^^^^^^
  File "c:\Users\ryo\Documents\Domination BOT\.venv\Lib\site-packages\sqlalchemy\dialects\postgresql\asyncpg.py", line 792, in _handle_exception
    raise translated_error from error
sqlalchemy.exc.ProgrammingError: (sqlalchemy.dialects.postgresql.asyncpg.ProgrammingError) <class 'asyncpg.exceptions.UndefinedFunctionError'>: operator does not exist: bigint = character varying
HINT:  No operator matches the given name and argument types. You might need to add explicit type casts.
[SQL: SELECT chats_tg.id, chats_tg.id_grupo, chats_tg.name, chats_tg.configs, chats_tg.idioma, chats_tg.created_at, chats_tg.updated_at 
FROM chats_tg 
WHERE chats_tg.id_grupo = $1::VARCHAR]
[parameters: ('6636308845',)]
(Background on this error at: https://sqlalche.me/e/20/f405)
2025-09-07 22:00:37,815 - domination.uteis - ERROR - log_error:57 - Erro ao verificar admin no grupo -1001659176163: Telegram says: [400 USER_NOT_PARTICIPANT] - The user is not a member of this chat (caused by "channels.GetParticipant")
Traceback (most recent call last):
  File "C:\Users\ryo\Documents\Domination BOT\uteis.py", line 303, in check_admin_group
    chat_member = await client.get_chat_member(chat_id=chat_id, user_id=user_id)
                  ^^^^^^^^^^^^^^^^^^^^^^^^^^^^^^^^^^^^^^^^^^^^^^^^^^^^^^^^^^^^^^
  File "c:\Users\ryo\Documents\Domination BOT\.venv\Lib\site-packages\pyrogram\methods\chats\get_chat_member.py", line 80, in get_chat_member
    r = await self.invoke(
        ^^^^^^^^^^^^^^^^^^
    ...<4 lines>...
    )
    ^
  File "c:\Users\ryo\Documents\Domination BOT\.venv\Lib\site-packages\pyrogram\methods\advanced\invoke.py", line 79, in invoke
    r = await self.session.invoke(
        ^^^^^^^^^^^^^^^^^^^^^^^^^^
    ...<4 lines>...
    )
    ^
  File "c:\Users\ryo\Documents\Domination BOT\.venv\Lib\site-packages\pyrogram\session\session.py", line 389, in invoke
    return await self.send(query, timeout=timeout)
           ^^^^^^^^^^^^^^^^^^^^^^^^^^^^^^^^^^^^^^^
  File "c:\Users\ryo\Documents\Domination BOT\.venv\Lib\site-packages\pyrogram\session\session.py", line 357, in send
    RPCError.raise_it(result, type(data))
    ~~~~~~~~~~~~~~~~~^^^^^^^^^^^^^^^^^^^^
  File "c:\Users\ryo\Documents\Domination BOT\.venv\Lib\site-packages\pyrogram\errors\rpc_error.py", line 91, in raise_it
    raise getattr(
    ...<5 lines>...
      is_signed=is_signed)
pyrogram.errors.exceptions.bad_request_400.UserNotParticipant: Telegram says: [400 USER_NOT_PARTICIPANT] - The user is not a member of this chat (caused by "channels.GetParticipant")
2025-09-07 22:00:52,636 - domination.uteis - ERROR - log_error:57 - Erro ao verificar admin no grupo -1001659176163: Telegram says: [400 USER_NOT_PARTICIPANT] - The user is not a member of this chat (caused by "channels.GetParticipant")
Traceback (most recent call last):
  File "C:\Users\ryo\Documents\Domination BOT\uteis.py", line 303, in check_admin_group
    chat_member = await client.get_chat_member(chat_id=chat_id, user_id=user_id)
                  ^^^^^^^^^^^^^^^^^^^^^^^^^^^^^^^^^^^^^^^^^^^^^^^^^^^^^^^^^^^^^^
  File "c:\Users\ryo\Documents\Domination BOT\.venv\Lib\site-packages\pyrogram\methods\chats\get_chat_member.py", line 80, in get_chat_member
    r = await self.invoke(
        ^^^^^^^^^^^^^^^^^^
    ...<4 lines>...
    )
    ^
  File "c:\Users\ryo\Documents\Domination BOT\.venv\Lib\site-packages\pyrogram\methods\advanced\invoke.py", line 79, in invoke
    r = await self.session.invoke(
        ^^^^^^^^^^^^^^^^^^^^^^^^^^
    ...<4 lines>...
    )
    ^
  File "c:\Users\ryo\Documents\Domination BOT\.venv\Lib\site-packages\pyrogram\session\session.py", line 389, in invoke
    return await self.send(query, timeout=timeout)
           ^^^^^^^^^^^^^^^^^^^^^^^^^^^^^^^^^^^^^^^
  File "c:\Users\ryo\Documents\Domination BOT\.venv\Lib\site-packages\pyrogram\session\session.py", line 357, in send
    RPCError.raise_it(result, type(data))
    ~~~~~~~~~~~~~~~~~^^^^^^^^^^^^^^^^^^^^
  File "c:\Users\ryo\Documents\Domination BOT\.venv\Lib\site-packages\pyrogram\errors\rpc_error.py", line 91, in raise_it
    raise getattr(
    ...<5 lines>...
      is_signed=is_signed)
pyrogram.errors.exceptions.bad_request_400.UserNotParticipant: Telegram says: [400 USER_NOT_PARTICIPANT] - The user is not a member of this chat (caused by "channels.GetParticipant")
2025-09-07 22:00:59,639 - domination.uteis - ERROR - log_error:57 - Erro ao verificar admin no grupo -1001659176163: Telegram says: [400 USER_NOT_PARTICIPANT] - The user is not a member of this chat (caused by "channels.GetParticipant")
Traceback (most recent call last):
  File "C:\Users\ryo\Documents\Domination BOT\uteis.py", line 303, in check_admin_group
    chat_member = await client.get_chat_member(chat_id=chat_id, user_id=user_id)
                  ^^^^^^^^^^^^^^^^^^^^^^^^^^^^^^^^^^^^^^^^^^^^^^^^^^^^^^^^^^^^^^
  File "c:\Users\ryo\Documents\Domination BOT\.venv\Lib\site-packages\pyrogram\methods\chats\get_chat_member.py", line 80, in get_chat_member
    r = await self.invoke(
        ^^^^^^^^^^^^^^^^^^
    ...<4 lines>...
    )
    ^
  File "c:\Users\ryo\Documents\Domination BOT\.venv\Lib\site-packages\pyrogram\methods\advanced\invoke.py", line 79, in invoke
    r = await self.session.invoke(
        ^^^^^^^^^^^^^^^^^^^^^^^^^^
    ...<4 lines>...
    )
    ^
  File "c:\Users\ryo\Documents\Domination BOT\.venv\Lib\site-packages\pyrogram\session\session.py", line 389, in invoke
    return await self.send(query, timeout=timeout)
           ^^^^^^^^^^^^^^^^^^^^^^^^^^^^^^^^^^^^^^^
  File "c:\Users\ryo\Documents\Domination BOT\.venv\Lib\site-packages\pyrogram\session\session.py", line 357, in send
    RPCError.raise_it(result, type(data))
    ~~~~~~~~~~~~~~~~~^^^^^^^^^^^^^^^^^^^^
  File "c:\Users\ryo\Documents\Domination BOT\.venv\Lib\site-packages\pyrogram\errors\rpc_error.py", line 91, in raise_it
    raise getattr(
    ...<5 lines>...
      is_signed=is_signed)
pyrogram.errors.exceptions.bad_request_400.UserNotParticipant: Telegram says: [400 USER_NOT_PARTICIPANT] - The user is not a member of this chat (caused by "channels.GetParticipant")
2025-09-07 22:01:01,996 - domination.uteis - ERROR - log_error:57 - Erro ao verificar admin no grupo -1001659176163: Telegram says: [400 USER_NOT_PARTICIPANT] - The user is not a member of this chat (caused by "channels.GetParticipant")
Traceback (most recent call last):
  File "C:\Users\ryo\Documents\Domination BOT\uteis.py", line 303, in check_admin_group
    chat_member = await client.get_chat_member(chat_id=chat_id, user_id=user_id)
                  ^^^^^^^^^^^^^^^^^^^^^^^^^^^^^^^^^^^^^^^^^^^^^^^^^^^^^^^^^^^^^^
  File "c:\Users\ryo\Documents\Domination BOT\.venv\Lib\site-packages\pyrogram\methods\chats\get_chat_member.py", line 80, in get_chat_member
    r = await self.invoke(
        ^^^^^^^^^^^^^^^^^^
    ...<4 lines>...
    )
    ^
  File "c:\Users\ryo\Documents\Domination BOT\.venv\Lib\site-packages\pyrogram\methods\advanced\invoke.py", line 79, in invoke
    r = await self.session.invoke(
        ^^^^^^^^^^^^^^^^^^^^^^^^^^
    ...<4 lines>...
    )
    ^
  File "c:\Users\ryo\Documents\Domination BOT\.venv\Lib\site-packages\pyrogram\session\session.py", line 389, in invoke
    return await self.send(query, timeout=timeout)
           ^^^^^^^^^^^^^^^^^^^^^^^^^^^^^^^^^^^^^^^
  File "c:\Users\ryo\Documents\Domination BOT\.venv\Lib\site-packages\pyrogram\session\session.py", line 357, in send
    RPCError.raise_it(result, type(data))
    ~~~~~~~~~~~~~~~~~^^^^^^^^^^^^^^^^^^^^
  File "c:\Users\ryo\Documents\Domination BOT\.venv\Lib\site-packages\pyrogram\errors\rpc_error.py", line 91, in raise_it
    raise getattr(
    ...<5 lines>...
      is_signed=is_signed)
pyrogram.errors.exceptions.bad_request_400.UserNotParticipant: Telegram says: [400 USER_NOT_PARTICIPANT] - The user is not a member of this chat (caused by "channels.GetParticipant")
2025-09-07 22:06:07,977 - domination.lang_utils - ERROR - log_error:57 - Erro ao obter Idioma do chat 6138394017: (sqlalchemy.dialects.postgresql.asyncpg.ProgrammingError) <class 'asyncpg.exceptions.UndefinedFunctionError'>: operator does not exist: bigint = character varying
HINT:  No operator matches the given name and argument types. You might need to add explicit type casts.
[SQL: SELECT chats_tg.id, chats_tg.id_grupo, chats_tg.name, chats_tg.configs, chats_tg.idioma, chats_tg.created_at, chats_tg.updated_at 
FROM chats_tg 
WHERE chats_tg.id_grupo = $1::VARCHAR]
[parameters: ('6138394017',)]
(Background on this error at: https://sqlalche.me/e/20/f405)
Traceback (most recent call last):
  File "c:\Users\ryo\Documents\Domination BOT\.venv\Lib\site-packages\sqlalchemy\dialects\postgresql\asyncpg.py", line 521, in _prepare_and_execute
    prepared_stmt, attributes = await adapt_connection._prepare(
                                ^^^^^^^^^^^^^^^^^^^^^^^^^^^^^^^^
        operation, self._invalidate_schema_cache_asof
        ^^^^^^^^^^^^^^^^^^^^^^^^^^^^^^^^^^^^^^^^^^^^^
    )
    ^
  File "c:\Users\ryo\Documents\Domination BOT\.venv\Lib\site-packages\sqlalchemy\dialects\postgresql\asyncpg.py", line 768, in _prepare
    prepared_stmt = await self._connection.prepare(
                    ^^^^^^^^^^^^^^^^^^^^^^^^^^^^^^^
        operation, name=self._prepared_statement_name_func()
        ^^^^^^^^^^^^^^^^^^^^^^^^^^^^^^^^^^^^^^^^^^^^^^^^^^^^
    )
    ^
  File "c:\Users\ryo\Documents\Domination BOT\.venv\Lib\site-packages\asyncpg\connection.py", line 635, in prepare
    return await self._prepare(
           ^^^^^^^^^^^^^^^^^^^^
    ...<5 lines>...
    )
    ^
  File "c:\Users\ryo\Documents\Domination BOT\.venv\Lib\site-packages\asyncpg\connection.py", line 653, in _prepare
    stmt = await self._get_statement(
           ^^^^^^^^^^^^^^^^^^^^^^^^^^
    ...<5 lines>...
    )
    ^
  File "c:\Users\ryo\Documents\Domination BOT\.venv\Lib\site-packages\asyncpg\connection.py", line 432, in _get_statement
    statement = await self._protocol.prepare(
                ^^^^^^^^^^^^^^^^^^^^^^^^^^^^^
    ...<5 lines>...
    )
    ^
  File "asyncpg\\protocol\\protocol.pyx", line 165, in prepare
asyncpg.exceptions.UndefinedFunctionError: operator does not exist: bigint = character varying
HINT:  No operator matches the given name and argument types. You might need to add explicit type casts.

The above exception was the direct cause of the following exception:

Traceback (most recent call last):
  File "c:\Users\ryo\Documents\Domination BOT\.venv\Lib\site-packages\sqlalchemy\engine\base.py", line 1967, in _exec_single_context
    self.dialect.do_execute(
    ~~~~~~~~~~~~~~~~~~~~~~~^
        cursor, str_statement, effective_parameters, context
        ^^^^^^^^^^^^^^^^^^^^^^^^^^^^^^^^^^^^^^^^^^^^^^^^^^^^
    )
    ^
  File "c:\Users\ryo\Documents\Domination BOT\.venv\Lib\site-packages\sqlalchemy\engine\default.py", line 951, in do_execute
    cursor.execute(statement, parameters)
    ~~~~~~~~~~~~~~^^^^^^^^^^^^^^^^^^^^^^^
  File "c:\Users\ryo\Documents\Domination BOT\.venv\Lib\site-packages\sqlalchemy\dialects\postgresql\asyncpg.py", line 580, in execute
    self._adapt_connection.await_(
    ~~~~~~~~~~~~~~~~~~~~~~~~~~~~~^
        self._prepare_and_execute(operation, parameters)
        ^^^^^^^^^^^^^^^^^^^^^^^^^^^^^^^^^^^^^^^^^^^^^^^^
    )
    ^
  File "c:\Users\ryo\Documents\Domination BOT\.venv\Lib\site-packages\sqlalchemy\util\_concurrency_py3k.py", line 132, in await_only
    return current.parent.switch(awaitable)  # type: ignore[no-any-return,attr-defined] # noqa: E501
           ~~~~~~~~~~~~~~~~~~~~~^^^^^^^^^^^
  File "c:\Users\ryo\Documents\Domination BOT\.venv\Lib\site-packages\sqlalchemy\util\_concurrency_py3k.py", line 196, in greenlet_spawn
    value = await result
            ^^^^^^^^^^^^
  File "c:\Users\ryo\Documents\Domination BOT\.venv\Lib\site-packages\sqlalchemy\dialects\postgresql\asyncpg.py", line 558, in _prepare_and_execute
    self._handle_exception(error)
    ~~~~~~~~~~~~~~~~~~~~~~^^^^^^^
  File "c:\Users\ryo\Documents\Domination BOT\.venv\Lib\site-packages\sqlalchemy\dialects\postgresql\asyncpg.py", line 508, in _handle_exception
    self._adapt_connection._handle_exception(error)
    ~~~~~~~~~~~~~~~~~~~~~~~~~~~~~~~~~~~~~~~~^^^^^^^
  File "c:\Users\ryo\Documents\Domination BOT\.venv\Lib\site-packages\sqlalchemy\dialects\postgresql\asyncpg.py", line 792, in _handle_exception
    raise translated_error from error
sqlalchemy.dialects.postgresql.asyncpg.AsyncAdapt_asyncpg_dbapi.ProgrammingError: <class 'asyncpg.exceptions.UndefinedFunctionError'>: operator does not exist: bigint = character varying
HINT:  No operator matches the given name and argument types. You might need to add explicit type casts.

The above exception was the direct cause of the following exception:

Traceback (most recent call last):
  File "C:\Users\ryo\Documents\Domination BOT\domination\plugins\lang_utils.py", line 20, in obter_Idioma_chat
    result = await session.execute(stmt)
             ^^^^^^^^^^^^^^^^^^^^^^^^^^^
  File "c:\Users\ryo\Documents\Domination BOT\.venv\Lib\site-packages\sqlalchemy\ext\asyncio\session.py", line 463, in execute
    result = await greenlet_spawn(
             ^^^^^^^^^^^^^^^^^^^^^
    ...<6 lines>...
    )
    ^
  File "c:\Users\ryo\Documents\Domination BOT\.venv\Lib\site-packages\sqlalchemy\util\_concurrency_py3k.py", line 201, in greenlet_spawn
    result = context.throw(*sys.exc_info())
  File "c:\Users\ryo\Documents\Domination BOT\.venv\Lib\site-packages\sqlalchemy\orm\session.py", line 2365, in execute
    return self._execute_internal(
           ~~~~~~~~~~~~~~~~~~~~~~^
        statement,
        ^^^^^^^^^^
    ...<4 lines>...
        _add_event=_add_event,
        ^^^^^^^^^^^^^^^^^^^^^^
    )
    ^
  File "c:\Users\ryo\Documents\Domination BOT\.venv\Lib\site-packages\sqlalchemy\orm\session.py", line 2251, in _execute_internal
    result: Result[Any] = compile_state_cls.orm_execute_statement(
                          ~~~~~~~~~~~~~~~~~~~~~~~~~~~~~~~~~~~~~~~^
        self,
        ^^^^^
    ...<4 lines>...
        conn,
        ^^^^^
    )
    ^
  File "c:\Users\ryo\Documents\Domination BOT\.venv\Lib\site-packages\sqlalchemy\orm\context.py", line 306, in orm_execute_statement
    result = conn.execute(
        statement, params or {}, execution_options=execution_options
    )
  File "c:\Users\ryo\Documents\Domination BOT\.venv\Lib\site-packages\sqlalchemy\engine\base.py", line 1419, in execute
    return meth(
        self,
        distilled_parameters,
        execution_options or NO_OPTIONS,
    )
  File "c:\Users\ryo\Documents\Domination BOT\.venv\Lib\site-packages\sqlalchemy\sql\elements.py", line 526, in _execute_on_connection
    return connection._execute_clauseelement(
           ~~~~~~~~~~~~~~~~~~~~~~~~~~~~~~~~~^
        self, distilled_params, execution_options
        ^^^^^^^^^^^^^^^^^^^^^^^^^^^^^^^^^^^^^^^^^
    )
    ^
  File "c:\Users\ryo\Documents\Domination BOT\.venv\Lib\site-packages\sqlalchemy\engine\base.py", line 1641, in _execute_clauseelement
    ret = self._execute_context(
        dialect,
    ...<8 lines>...
        cache_hit=cache_hit,
    )
  File "c:\Users\ryo\Documents\Domination BOT\.venv\Lib\site-packages\sqlalchemy\engine\base.py", line 1846, in _execute_context
    return self._exec_single_context(
           ~~~~~~~~~~~~~~~~~~~~~~~~~^
        dialect, context, statement, parameters
        ^^^^^^^^^^^^^^^^^^^^^^^^^^^^^^^^^^^^^^^
    )
    ^
  File "c:\Users\ryo\Documents\Domination BOT\.venv\Lib\site-packages\sqlalchemy\engine\base.py", line 1986, in _exec_single_context
    self._handle_dbapi_exception(
    ~~~~~~~~~~~~~~~~~~~~~~~~~~~~^
        e, str_statement, effective_parameters, cursor, context
        ^^^^^^^^^^^^^^^^^^^^^^^^^^^^^^^^^^^^^^^^^^^^^^^^^^^^^^^
    )
    ^
  File "c:\Users\ryo\Documents\Domination BOT\.venv\Lib\site-packages\sqlalchemy\engine\base.py", line 2355, in _handle_dbapi_exception
    raise sqlalchemy_exception.with_traceback(exc_info[2]) from e
  File "c:\Users\ryo\Documents\Domination BOT\.venv\Lib\site-packages\sqlalchemy\engine\base.py", line 1967, in _exec_single_context
    self.dialect.do_execute(
    ~~~~~~~~~~~~~~~~~~~~~~~^
        cursor, str_statement, effective_parameters, context
        ^^^^^^^^^^^^^^^^^^^^^^^^^^^^^^^^^^^^^^^^^^^^^^^^^^^^
    )
    ^
  File "c:\Users\ryo\Documents\Domination BOT\.venv\Lib\site-packages\sqlalchemy\engine\default.py", line 951, in do_execute
    cursor.execute(statement, parameters)
    ~~~~~~~~~~~~~~^^^^^^^^^^^^^^^^^^^^^^^
  File "c:\Users\ryo\Documents\Domination BOT\.venv\Lib\site-packages\sqlalchemy\dialects\postgresql\asyncpg.py", line 580, in execute
    self._adapt_connection.await_(
    ~~~~~~~~~~~~~~~~~~~~~~~~~~~~~^
        self._prepare_and_execute(operation, parameters)
        ^^^^^^^^^^^^^^^^^^^^^^^^^^^^^^^^^^^^^^^^^^^^^^^^
    )
    ^
  File "c:\Users\ryo\Documents\Domination BOT\.venv\Lib\site-packages\sqlalchemy\util\_concurrency_py3k.py", line 132, in await_only
    return current.parent.switch(awaitable)  # type: ignore[no-any-return,attr-defined] # noqa: E501
           ~~~~~~~~~~~~~~~~~~~~~^^^^^^^^^^^
  File "c:\Users\ryo\Documents\Domination BOT\.venv\Lib\site-packages\sqlalchemy\util\_concurrency_py3k.py", line 196, in greenlet_spawn
    value = await result
            ^^^^^^^^^^^^
  File "c:\Users\ryo\Documents\Domination BOT\.venv\Lib\site-packages\sqlalchemy\dialects\postgresql\asyncpg.py", line 558, in _prepare_and_execute
    self._handle_exception(error)
    ~~~~~~~~~~~~~~~~~~~~~~^^^^^^^
  File "c:\Users\ryo\Documents\Domination BOT\.venv\Lib\site-packages\sqlalchemy\dialects\postgresql\asyncpg.py", line 508, in _handle_exception
    self._adapt_connection._handle_exception(error)
    ~~~~~~~~~~~~~~~~~~~~~~~~~~~~~~~~~~~~~~~~^^^^^^^
  File "c:\Users\ryo\Documents\Domination BOT\.venv\Lib\site-packages\sqlalchemy\dialects\postgresql\asyncpg.py", line 792, in _handle_exception
    raise translated_error from error
sqlalchemy.exc.ProgrammingError: (sqlalchemy.dialects.postgresql.asyncpg.ProgrammingError) <class 'asyncpg.exceptions.UndefinedFunctionError'>: operator does not exist: bigint = character varying
HINT:  No operator matches the given name and argument types. You might need to add explicit type casts.
[SQL: SELECT chats_tg.id, chats_tg.id_grupo, chats_tg.name, chats_tg.configs, chats_tg.idioma, chats_tg.created_at, chats_tg.updated_at 
FROM chats_tg 
WHERE chats_tg.id_grupo = $1::VARCHAR]
[parameters: ('6138394017',)]
(Background on this error at: https://sqlalche.me/e/20/f405)
